# 2019-12-17 Start
2019-12-18 AMR
2019-12-18 SUPCAA
# 2019-12-23 Twitter didn't how CAA tags as trending
2019-12-23 AGGCAA
Wed Jan 22 10:40:16 2020 all ['#LEFTIST_ARE_TERRORISTS', '#LeftAttacksJNU', '#ShutDownJNU#LeftKillingJNU', '#IndiaSupportsCAA', '#CAASupport', '#TukdeGangSpotted', '#JNUattack', '#ABVP_TERRORISTS', '#JNUTerrorAttack', '#IndiaAgainstCAA', '#CAA_NRC']
Wed Jan 22 10:45:11 2020 all ['#LEFTIST_ARE_TERRORISTS', '#LeftAttacksJNU', '#ShutDownJNU#LeftKillingJNU', '#IndiaSupportsCAA', '#CAASupport', '#TukdeGangSpotted', '#JNUattack', '#ABVP_TERRORISTS', '#JNUTerrorAttack', '#IndiaAgainstCAA', '#CAA_NRC']
Wed Jan 22 11:28:17 2020 all ['#LEFTIST_ARE_TERRORISTS', '#LeftAttacksJNU', '#ShutDownJNU#LeftKillingJNU', '#IndiaSupportsCAA', '#CAASupport', '#TukdeGangSpotted', '#JNUattack', '#ABVP_TERRORISTS', '#JNUTerrorAttack', '#IndiaAgainstCAA', '#CAA_NRC']
Wed Jan 22 11:53:33 2020 all ['#LEFTIST_ARE_TERRORISTS', '#LeftAttacksJNU', '#ShutDownJNU#LeftKillingJNU', '#IndiaSupportsCAA', '#CAASupport', '#TukdeGangSpotted', '#JNUattack', '#ABVP_TERRORISTS', '#JNUTerrorAttack', '#IndiaAgainstCAA', '#CAA_NRC']
Wed Jan 22 12:32:23 2020 all ['#IndiaSupportsCAA', '#CAASupport', '#IndiaAgainstCAA', '#IndiaAgainstCAA_NRC', '#ISupportCAA', '#AmithShahResign', '#CAA_NRC']
Wed Jan 22 15:53:07 2020 all ['#IndiaSupportsCAA', '#CAASupport', '#IndiaAgainstCAA', '#IndiaAgainstCAA_NRC', '#ISupportCAA', '#CAA_NRC']
Wed Jan 22 15:56:36 2020 verybig ['#IndiaSupportsCAA', '#CAASupport', '#IndiaAgainstCAA', '#IndiaAgainstCAA_NRC', '#ISupportCAA', '#CAA_NRC']
Wed Jan 22 16:06:49 2020 verybig ['#IndiaSupportsCAA', '#CAASupport', '#IndiaAgainstCAA', '#IndiaAgainstCAA_NRC', '#ISupportCAA', '#CAA_NRC']
Wed Jan 22 16:17:51 2020 verybig ['#IndiaSupportsCAA', '#CAASupport', '#IndiaAgainstCAA', '#IndiaAgainstCAA_NRC', '#ISupportCAA', '#CAA_NRC']
Wed Jan 22 16:19:25 2020 verybig ['#IndiaSupportsCAA', '#CAASupport', '#IndiaAgainstCAA', '#IndiaAgainstCAA_NRC', '#ISupportCAA', '#CAA_NRC']
Wed Jan 22 16:30:43 2020 verybig ['#IndiaSupportsCAA', '#CAASupport', '#IndiaAgainstCAA', '#IndiaAgainstCAA_NRC', '#ISupportCAA', '#CAA_NRC']
Wed Jan 22 16:41:45 2020 verybig ['#IndiaSupportsCAA', '#CAASupport', '#IndiaAgainstCAA', '#IndiaAgainstCAA_NRC', '#ISupportCAA', '#CAA_NRC']
Wed Jan 22 16:42:16 2020 verybig ['#IndiaSupportsCAA', '#CAASupport', '#IndiaAgainstCAA', '#IndiaAgainstCAA_NRC', '#ISupportCAA', '#CAA_NRC']
Wed Jan 22 16:52:45 2020 verybig ['#IndiaSupportsCAA', '#CAASupport', '#IndiaAgainstCAA', '#IndiaAgainstCAA_NRC', '#ISupportCAA', '#CAA_NRC']
Wed Jan 22 16:53:00 2020 verybig ['#IndiaSupportsCAA', '#CAASupport', '#IndiaAgainstCAA', '#IndiaAgainstCAA_NRC', '#ISupportCAA', '#CAA_NRC']
Wed Jan 22 16:53:15 2020 verybig ['#IndiaSupportsCAA', '#CAASupport', '#IndiaAgainstCAA', '#IndiaAgainstCAA_NRC', '#ISupportCAA', '#CAA_NRC']
Wed Jan 22 16:53:30 2020 verybig ['#IndiaSupportsCAA', '#CAASupport', '#IndiaAgainstCAA', '#IndiaAgainstCAA_NRC', '#ISupportCAA', '#CAA_NRC']
Wed Jan 22 16:53:44 2020 verybig ['#IndiaSupportsCAA', '#CAASupport', '#IndiaAgainstCAA', '#IndiaAgainstCAA_NRC', '#ISupportCAA', '#CAA_NRC']
Wed Jan 22 17:03:46 2020 verybig ['#IndiaSupportsCAA', '#CAASupport', '#IndiaAgainstCAA', '#IndiaAgainstCAA_NRC', '#ISupportCAA', '#CAA_NRC']
Wed Jan 22 17:03:57 2020 verybig ['#IndiaSupportsCAA', '#CAASupport', '#IndiaAgainstCAA', '#IndiaAgainstCAA_NRC', '#ISupportCAA', '#CAA_NRC']
Wed Jan 22 17:04:07 2020 verybig ['#IndiaSupportsCAA', '#CAASupport', '#IndiaAgainstCAA', '#IndiaAgainstCAA_NRC', '#ISupportCAA', '#CAA_NRC']
Wed Jan 22 17:04:18 2020 verybig ['#IndiaSupportsCAA', '#CAASupport', '#IndiaAgainstCAA', '#IndiaAgainstCAA_NRC', '#ISupportCAA', '#CAA_NRC']
Wed Jan 22 17:04:29 2020 verybig ['#IndiaSupportsCAA', '#CAASupport', '#IndiaAgainstCAA', '#IndiaAgainstCAA_NRC', '#ISupportCAA', '#CAA_NRC']
Wed Jan 22 17:04:40 2020 verybig ['#IndiaSupportsCAA', '#CAASupport', '#IndiaAgainstCAA', '#IndiaAgainstCAA_NRC', '#ISupportCAA', '#CAA_NRC']
Wed Jan 22 17:14:41 2020 verybig ['#IndiaSupportsCAA', '#CAASupport', '#IndiaAgainstCAA', '#IndiaAgainstCAA_NRC', '#ISupportCAA', '#CAA_NRC']
Wed Jan 22 17:25:44 2020 verybig ['#IndiaSupportsCAA', '#CAASupport', '#IndiaAgainstCAA', '#IndiaAgainstCAA_NRC', '#ISupportCAA', '#CAA_NRC']
Wed Jan 22 17:36:44 2020 verybig ['#IndiaSupportsCAA', '#CAASupport', '#IndiaAgainstCAA', '#IndiaAgainstCAA_NRC', '#ISupportCAA', '#CAA_NRC']
Wed Jan 22 17:47:43 2020 verybig ['#IndiaSupportsCAA', '#CAASupport', '#IndiaAgainstCAA', '#IndiaAgainstCAA_NRC', '#ISupportCAA', '#CAA_NRC']
Wed Jan 22 17:48:18 2020 verybig ['#IndiaSupportsCAA', '#CAASupport', '#IndiaAgainstCAA', '#IndiaAgainstCAA_NRC', '#ISupportCAA', '#CAA_NRC']
Wed Jan 22 17:58:45 2020 verybig ['#IndiaSupportsCAA', '#CAASupport', '#IndiaAgainstCAA', '#IndiaAgainstCAA_NRC', '#ISupportCAA', '#CAA_NRC']
Wed Jan 22 17:59:10 2020 verybig ['#IndiaSupportsCAA', '#CAASupport', '#IndiaAgainstCAA', '#IndiaAgainstCAA_NRC', '#ISupportCAA', '#CAA_NRC']
Wed Jan 22 17:59:26 2020 verybig ['#IndiaSupportsCAA', '#CAASupport', '#IndiaAgainstCAA', '#IndiaAgainstCAA_NRC', '#ISupportCAA', '#CAA_NRC']
Wed Jan 22 17:59:41 2020 verybig ['#IndiaSupportsCAA', '#CAASupport', '#IndiaAgainstCAA', '#IndiaAgainstCAA_NRC', '#ISupportCAA', '#CAA_NRC']
Wed Jan 22 18:10:13 2020 verybig ['#IndiaSupportsCAA', '#CAASupport', '#IndiaAgainstCAA', '#IndiaAgainstCAA_NRC', '#ISupportCAA', '#CAA_NRC']
Wed Jan 22 18:10:24 2020 verybig ['#IndiaSupportsCAA', '#CAASupport', '#IndiaAgainstCAA', '#IndiaAgainstCAA_NRC', '#ISupportCAA', '#CAA_NRC']
Wed Jan 22 18:10:35 2020 verybig ['#IndiaSupportsCAA', '#CAASupport', '#IndiaAgainstCAA', '#IndiaAgainstCAA_NRC', '#ISupportCAA', '#CAA_NRC']
Wed Jan 22 18:21:47 2020 verybig ['#IndiaSupportsCAA', '#CAASupport', '#IndiaAgainstCAA', '#IndiaAgainstCAA_NRC', '#ISupportCAA', '#CAA_NRC']
Wed Jan 22 18:32:47 2020 verybig ['#IndiaSupportsCAA', '#CAASupport', '#IndiaAgainstCAA', '#IndiaAgainstCAA_NRC', '#ISupportCAA', '#CAA_NRC']
Wed Jan 22 18:43:46 2020 verybig ['#IndiaSupportsCAA', '#CAASupport', '#IndiaAgainstCAA', '#IndiaAgainstCAA_NRC', '#ISupportCAA', '#CAA_NRC']
Wed Jan 22 18:54:44 2020 verybig ['#IndiaSupportsCAA', '#CAASupport', '#IndiaAgainstCAA', '#IndiaAgainstCAA_NRC', '#ISupportCAA', '#CAA_NRC']
Wed Jan 22 18:55:14 2020 verybig ['#IndiaSupportsCAA', '#CAASupport', '#IndiaAgainstCAA', '#IndiaAgainstCAA_NRC', '#ISupportCAA', '#CAA_NRC']
Wed Jan 22 19:05:41 2020 verybig ['#IndiaSupportsCAA', '#CAASupport', '#IndiaAgainstCAA', '#IndiaAgainstCAA_NRC', '#ISupportCAA', '#CAA_NRC']
Wed Jan 22 19:05:59 2020 verybig ['#IndiaSupportsCAA', '#CAASupport', '#IndiaAgainstCAA', '#IndiaAgainstCAA_NRC', '#ISupportCAA', '#CAA_NRC']
Wed Jan 22 19:06:15 2020 verybig ['#IndiaSupportsCAA', '#CAASupport', '#IndiaAgainstCAA', '#IndiaAgainstCAA_NRC', '#ISupportCAA', '#CAA_NRC']
Wed Jan 22 19:06:33 2020 verybig ['#IndiaSupportsCAA', '#CAASupport', '#IndiaAgainstCAA', '#IndiaAgainstCAA_NRC', '#ISupportCAA', '#CAA_NRC']
Wed Jan 22 19:16:39 2020 verybig ['#IndiaSupportsCAA', '#CAASupport', '#IndiaAgainstCAA', '#IndiaAgainstCAA_NRC', '#ISupportCAA', '#CAA_NRC']
Wed Jan 22 19:16:51 2020 verybig ['#IndiaSupportsCAA', '#CAASupport', '#IndiaAgainstCAA', '#IndiaAgainstCAA_NRC', '#ISupportCAA', '#CAA_NRC']
Wed Jan 22 19:17:02 2020 verybig ['#IndiaSupportsCAA', '#CAASupport', '#IndiaAgainstCAA', '#IndiaAgainstCAA_NRC', '#ISupportCAA', '#CAA_NRC']
Wed Jan 22 19:17:15 2020 verybig ['#IndiaSupportsCAA', '#CAASupport', '#IndiaAgainstCAA', '#IndiaAgainstCAA_NRC', '#ISupportCAA', '#CAA_NRC']
Wed Jan 22 19:17:26 2020 verybig ['#IndiaSupportsCAA', '#CAASupport', '#IndiaAgainstCAA', '#IndiaAgainstCAA_NRC', '#ISupportCAA', '#CAA_NRC']
Wed Jan 22 19:17:38 2020 verybig ['#IndiaSupportsCAA', '#CAASupport', '#IndiaAgainstCAA', '#IndiaAgainstCAA_NRC', '#ISupportCAA', '#CAA_NRC']
Wed Jan 22 19:27:38 2020 verybig ['#IndiaSupportsCAA', '#CAASupport', '#IndiaAgainstCAA', '#IndiaAgainstCAA_NRC', '#ISupportCAA', '#CAA_NRC']
Wed Jan 22 19:38:39 2020 verybig ['#IndiaSupportsCAA', '#CAASupport', '#IndiaAgainstCAA', '#IndiaAgainstCAA_NRC', '#ISupportCAA', '#CAA_NRC']
Wed Jan 22 19:49:41 2020 verybig ['#IndiaSupportsCAA', '#CAASupport', '#IndiaAgainstCAA', '#IndiaAgainstCAA_NRC', '#ISupportCAA', '#CAA_NRC']
Wed Jan 22 20:00:42 2020 verybig ['#IndiaSupportsCAA', '#CAASupport', '#IndiaAgainstCAA', '#IndiaAgainstCAA_NRC', '#ISupportCAA', '#CAA_NRC']
Wed Jan 22 20:00:43 2020 verybig ['#IndiaSupportsCAA', '#CAASupport', '#IndiaAgainstCAA', '#IndiaAgainstCAA_NRC', '#ISupportCAA', '#CAA_NRC']
Wed Jan 22 20:00:44 2020 verybig ['#IndiaSupportsCAA', '#CAASupport', '#IndiaAgainstCAA', '#IndiaAgainstCAA_NRC', '#ISupportCAA', '#CAA_NRC']
Wed Jan 22 20:00:45 2020 verybig ['#IndiaSupportsCAA', '#CAASupport', '#IndiaAgainstCAA', '#IndiaAgainstCAA_NRC', '#ISupportCAA', '#CAA_NRC']
Wed Jan 22 20:00:46 2020 verybig ['#IndiaSupportsCAA', '#CAASupport', '#IndiaAgainstCAA', '#IndiaAgainstCAA_NRC', '#ISupportCAA', '#CAA_NRC']
Wed Jan 22 20:00:47 2020 verybig ['#IndiaSupportsCAA', '#CAASupport', '#IndiaAgainstCAA', '#IndiaAgainstCAA_NRC', '#ISupportCAA', '#CAA_NRC']
Wed Jan 22 20:00:47 2020 verybig ['#IndiaSupportsCAA', '#CAASupport', '#IndiaAgainstCAA', '#IndiaAgainstCAA_NRC', '#ISupportCAA', '#CAA_NRC']
Wed Jan 22 20:00:48 2020 verybig ['#IndiaSupportsCAA', '#CAASupport', '#IndiaAgainstCAA', '#IndiaAgainstCAA_NRC', '#ISupportCAA', '#CAA_NRC']
Wed Jan 22 20:00:49 2020 verybig ['#IndiaSupportsCAA', '#CAASupport', '#IndiaAgainstCAA', '#IndiaAgainstCAA_NRC', '#ISupportCAA', '#CAA_NRC']
Wed Jan 22 20:00:50 2020 verybig ['#IndiaSupportsCAA', '#CAASupport', '#IndiaAgainstCAA', '#IndiaAgainstCAA_NRC', '#ISupportCAA', '#CAA_NRC']
Wed Jan 22 20:00:51 2020 verybig ['#IndiaSupportsCAA', '#CAASupport', '#IndiaAgainstCAA', '#IndiaAgainstCAA_NRC', '#ISupportCAA', '#CAA_NRC']
Wed Jan 22 20:00:52 2020 verybig ['#IndiaSupportsCAA', '#CAASupport', '#IndiaAgainstCAA', '#IndiaAgainstCAA_NRC', '#ISupportCAA', '#CAA_NRC']
Wed Jan 22 20:00:52 2020 verybig ['#IndiaSupportsCAA', '#CAASupport', '#IndiaAgainstCAA', '#IndiaAgainstCAA_NRC', '#ISupportCAA', '#CAA_NRC']
Wed Jan 22 20:00:53 2020 verybig ['#IndiaSupportsCAA', '#CAASupport', '#IndiaAgainstCAA', '#IndiaAgainstCAA_NRC', '#ISupportCAA', '#CAA_NRC']
Wed Jan 22 20:00:54 2020 verybig ['#IndiaSupportsCAA', '#CAASupport', '#IndiaAgainstCAA', '#IndiaAgainstCAA_NRC', '#ISupportCAA', '#CAA_NRC']
Wed Jan 22 20:00:55 2020 verybig ['#IndiaSupportsCAA', '#CAASupport', '#IndiaAgainstCAA', '#IndiaAgainstCAA_NRC', '#ISupportCAA', '#CAA_NRC']
Wed Jan 22 20:00:56 2020 verybig ['#IndiaSupportsCAA', '#CAASupport', '#IndiaAgainstCAA', '#IndiaAgainstCAA_NRC', '#ISupportCAA', '#CAA_NRC']
Wed Jan 22 20:00:57 2020 verybig ['#IndiaSupportsCAA', '#CAASupport', '#IndiaAgainstCAA', '#IndiaAgainstCAA_NRC', '#ISupportCAA', '#CAA_NRC']
Wed Jan 22 20:00:57 2020 verybig ['#IndiaSupportsCAA', '#CAASupport', '#IndiaAgainstCAA', '#IndiaAgainstCAA_NRC', '#ISupportCAA', '#CAA_NRC']
Wed Jan 22 20:00:58 2020 verybig ['#IndiaSupportsCAA', '#CAASupport', '#IndiaAgainstCAA', '#IndiaAgainstCAA_NRC', '#ISupportCAA', '#CAA_NRC']
Wed Jan 22 20:00:59 2020 verybig ['#IndiaSupportsCAA', '#CAASupport', '#IndiaAgainstCAA', '#IndiaAgainstCAA_NRC', '#ISupportCAA', '#CAA_NRC']
Wed Jan 22 20:01:00 2020 verybig ['#IndiaSupportsCAA', '#CAASupport', '#IndiaAgainstCAA', '#IndiaAgainstCAA_NRC', '#ISupportCAA', '#CAA_NRC']
Wed Jan 22 20:01:01 2020 verybig ['#IndiaSupportsCAA', '#CAASupport', '#IndiaAgainstCAA', '#IndiaAgainstCAA_NRC', '#ISupportCAA', '#CAA_NRC']
Wed Jan 22 20:01:02 2020 verybig ['#IndiaSupportsCAA', '#CAASupport', '#IndiaAgainstCAA', '#IndiaAgainstCAA_NRC', '#ISupportCAA', '#CAA_NRC']
Wed Jan 22 20:01:02 2020 verybig ['#IndiaSupportsCAA', '#CAASupport', '#IndiaAgainstCAA', '#IndiaAgainstCAA_NRC', '#ISupportCAA', '#CAA_NRC']
Wed Jan 22 20:01:03 2020 verybig ['#IndiaSupportsCAA', '#CAASupport', '#IndiaAgainstCAA', '#IndiaAgainstCAA_NRC', '#ISupportCAA', '#CAA_NRC']
Wed Jan 22 20:01:04 2020 verybig ['#IndiaSupportsCAA', '#CAASupport', '#IndiaAgainstCAA', '#IndiaAgainstCAA_NRC', '#ISupportCAA', '#CAA_NRC']
Wed Jan 22 20:01:05 2020 verybig ['#IndiaSupportsCAA', '#CAASupport', '#IndiaAgainstCAA', '#IndiaAgainstCAA_NRC', '#ISupportCAA', '#CAA_NRC']
Wed Jan 22 20:01:05 2020 verybig ['#IndiaSupportsCAA', '#CAASupport', '#IndiaAgainstCAA', '#IndiaAgainstCAA_NRC', '#ISupportCAA', '#CAA_NRC']
Wed Jan 22 20:01:06 2020 verybig ['#IndiaSupportsCAA', '#CAASupport', '#IndiaAgainstCAA', '#IndiaAgainstCAA_NRC', '#ISupportCAA', '#CAA_NRC']
Wed Jan 22 20:01:07 2020 verybig ['#IndiaSupportsCAA', '#CAASupport', '#IndiaAgainstCAA', '#IndiaAgainstCAA_NRC', '#ISupportCAA', '#CAA_NRC']
Wed Jan 22 20:01:08 2020 verybig ['#IndiaSupportsCAA', '#CAASupport', '#IndiaAgainstCAA', '#IndiaAgainstCAA_NRC', '#ISupportCAA', '#CAA_NRC']
Wed Jan 22 20:01:09 2020 verybig ['#IndiaSupportsCAA', '#CAASupport', '#IndiaAgainstCAA', '#IndiaAgainstCAA_NRC', '#ISupportCAA', '#CAA_NRC']
Wed Jan 22 20:01:09 2020 verybig ['#IndiaSupportsCAA', '#CAASupport', '#IndiaAgainstCAA', '#IndiaAgainstCAA_NRC', '#ISupportCAA', '#CAA_NRC']
Wed Jan 22 20:01:10 2020 verybig ['#IndiaSupportsCAA', '#CAASupport', '#IndiaAgainstCAA', '#IndiaAgainstCAA_NRC', '#ISupportCAA', '#CAA_NRC']
Wed Jan 22 20:01:11 2020 verybig ['#IndiaSupportsCAA', '#CAASupport', '#IndiaAgainstCAA', '#IndiaAgainstCAA_NRC', '#ISupportCAA', '#CAA_NRC']
Wed Jan 22 20:01:12 2020 verybig ['#IndiaSupportsCAA', '#CAASupport', '#IndiaAgainstCAA', '#IndiaAgainstCAA_NRC', '#ISupportCAA', '#CAA_NRC']
Wed Jan 22 20:01:13 2020 verybig ['#IndiaSupportsCAA', '#CAASupport', '#IndiaAgainstCAA', '#IndiaAgainstCAA_NRC', '#ISupportCAA', '#CAA_NRC']
Wed Jan 22 20:01:13 2020 verybig ['#IndiaSupportsCAA', '#CAASupport', '#IndiaAgainstCAA', '#IndiaAgainstCAA_NRC', '#ISupportCAA', '#CAA_NRC']
Wed Jan 22 20:01:14 2020 verybig ['#IndiaSupportsCAA', '#CAASupport', '#IndiaAgainstCAA', '#IndiaAgainstCAA_NRC', '#ISupportCAA', '#CAA_NRC']
Wed Jan 22 20:01:15 2020 verybig ['#IndiaSupportsCAA', '#CAASupport', '#IndiaAgainstCAA', '#IndiaAgainstCAA_NRC', '#ISupportCAA', '#CAA_NRC']
Wed Jan 22 20:01:16 2020 verybig ['#IndiaSupportsCAA', '#CAASupport', '#IndiaAgainstCAA', '#IndiaAgainstCAA_NRC', '#ISupportCAA', '#CAA_NRC']
Wed Jan 22 20:01:17 2020 verybig ['#IndiaSupportsCAA', '#CAASupport', '#IndiaAgainstCAA', '#IndiaAgainstCAA_NRC', '#ISupportCAA', '#CAA_NRC']
Wed Jan 22 20:01:17 2020 verybig ['#IndiaSupportsCAA', '#CAASupport', '#IndiaAgainstCAA', '#IndiaAgainstCAA_NRC', '#ISupportCAA', '#CAA_NRC']
Wed Jan 22 20:01:18 2020 verybig ['#IndiaSupportsCAA', '#CAASupport', '#IndiaAgainstCAA', '#IndiaAgainstCAA_NRC', '#ISupportCAA', '#CAA_NRC']
Wed Jan 22 20:01:19 2020 verybig ['#IndiaSupportsCAA', '#CAASupport', '#IndiaAgainstCAA', '#IndiaAgainstCAA_NRC', '#ISupportCAA', '#CAA_NRC']
Wed Jan 22 20:11:19 2020 verybig ['#IndiaSupportsCAA', '#CAASupport', '#IndiaAgainstCAA', '#IndiaAgainstCAA_NRC', '#ISupportCAA', '#CAA_NRC']
Wed Jan 22 20:11:39 2020 verybig ['#IndiaSupportsCAA', '#CAASupport', '#IndiaAgainstCAA', '#IndiaAgainstCAA_NRC', '#ISupportCAA', '#CAA_NRC']
Wed Jan 22 20:11:57 2020 verybig ['#IndiaSupportsCAA', '#CAASupport', '#IndiaAgainstCAA', '#IndiaAgainstCAA_NRC', '#ISupportCAA', '#CAA_NRC']
Wed Jan 22 20:12:16 2020 verybig ['#IndiaSupportsCAA', '#CAASupport', '#IndiaAgainstCAA', '#IndiaAgainstCAA_NRC', '#ISupportCAA', '#CAA_NRC']
Wed Jan 22 20:22:18 2020 verybig ['#IndiaSupportsCAA', '#CAASupport', '#IndiaAgainstCAA', '#IndiaAgainstCAA_NRC', '#ISupportCAA', '#CAA_NRC']
Wed Jan 22 20:22:31 2020 verybig ['#IndiaSupportsCAA', '#CAASupport', '#IndiaAgainstCAA', '#IndiaAgainstCAA_NRC', '#ISupportCAA', '#CAA_NRC']
Wed Jan 22 20:22:42 2020 verybig ['#IndiaSupportsCAA', '#CAASupport', '#IndiaAgainstCAA', '#IndiaAgainstCAA_NRC', '#ISupportCAA', '#CAA_NRC']
Wed Jan 22 20:22:54 2020 verybig ['#IndiaSupportsCAA', '#CAASupport', '#IndiaAgainstCAA', '#IndiaAgainstCAA_NRC', '#ISupportCAA', '#CAA_NRC']
Wed Jan 22 20:23:05 2020 verybig ['#IndiaSupportsCAA', '#CAASupport', '#IndiaAgainstCAA', '#IndiaAgainstCAA_NRC', '#ISupportCAA', '#CAA_NRC']
Wed Jan 22 20:23:22 2020 verybig ['#IndiaSupportsCAA', '#CAASupport', '#IndiaAgainstCAA', '#IndiaAgainstCAA_NRC', '#ISupportCAA', '#CAA_NRC']
Wed Jan 22 20:33:22 2020 verybig ['#IndiaSupportsCAA', '#CAASupport', '#IndiaAgainstCAA', '#IndiaAgainstCAA_NRC', '#ISupportCAA', '#CAA_NRC']
Wed Jan 22 20:44:22 2020 verybig ['#IndiaSupportsCAA', '#CAASupport', '#IndiaAgainstCAA', '#IndiaAgainstCAA_NRC', '#ISupportCAA', '#CAA_NRC']
Wed Jan 22 20:54:26 2020 verybig ['#IndiaSupportsCAA', '#CAASupport', '#IndiaAgainstCAA', '#IndiaAgainstCAA_NRC', '#ISupportCAA', '#CAA_NRC']
Wed Jan 22 21:05:30 2020 verybig ['#IndiaSupportsCAA', '#CAASupport', '#IndiaAgainstCAA', '#IndiaAgainstCAA_NRC', '#ISupportCAA', '#CAA_NRC']
Wed Jan 22 21:05:31 2020 verybig ['#IndiaSupportsCAA', '#CAASupport', '#IndiaAgainstCAA', '#IndiaAgainstCAA_NRC', '#ISupportCAA', '#CAA_NRC']
Wed Jan 22 21:05:32 2020 verybig ['#IndiaSupportsCAA', '#CAASupport', '#IndiaAgainstCAA', '#IndiaAgainstCAA_NRC', '#ISupportCAA', '#CAA_NRC']
Wed Jan 22 21:05:32 2020 verybig ['#IndiaSupportsCAA', '#CAASupport', '#IndiaAgainstCAA', '#IndiaAgainstCAA_NRC', '#ISupportCAA', '#CAA_NRC']
Wed Jan 22 21:05:33 2020 verybig ['#IndiaSupportsCAA', '#CAASupport', '#IndiaAgainstCAA', '#IndiaAgainstCAA_NRC', '#ISupportCAA', '#CAA_NRC']
Wed Jan 22 21:05:34 2020 verybig ['#IndiaSupportsCAA', '#CAASupport', '#IndiaAgainstCAA', '#IndiaAgainstCAA_NRC', '#ISupportCAA', '#CAA_NRC']
Wed Jan 22 21:05:35 2020 verybig ['#IndiaSupportsCAA', '#CAASupport', '#IndiaAgainstCAA', '#IndiaAgainstCAA_NRC', '#ISupportCAA', '#CAA_NRC']
Wed Jan 22 21:05:36 2020 verybig ['#IndiaSupportsCAA', '#CAASupport', '#IndiaAgainstCAA', '#IndiaAgainstCAA_NRC', '#ISupportCAA', '#CAA_NRC']
Wed Jan 22 21:05:37 2020 verybig ['#IndiaSupportsCAA', '#CAASupport', '#IndiaAgainstCAA', '#IndiaAgainstCAA_NRC', '#ISupportCAA', '#CAA_NRC']
Wed Jan 22 21:05:38 2020 verybig ['#IndiaSupportsCAA', '#CAASupport', '#IndiaAgainstCAA', '#IndiaAgainstCAA_NRC', '#ISupportCAA', '#CAA_NRC']
Wed Jan 22 21:05:39 2020 verybig ['#IndiaSupportsCAA', '#CAASupport', '#IndiaAgainstCAA', '#IndiaAgainstCAA_NRC', '#ISupportCAA', '#CAA_NRC']
Wed Jan 22 21:05:39 2020 verybig ['#IndiaSupportsCAA', '#CAASupport', '#IndiaAgainstCAA', '#IndiaAgainstCAA_NRC', '#ISupportCAA', '#CAA_NRC']
Wed Jan 22 21:05:40 2020 verybig ['#IndiaSupportsCAA', '#CAASupport', '#IndiaAgainstCAA', '#IndiaAgainstCAA_NRC', '#ISupportCAA', '#CAA_NRC']
Wed Jan 22 21:05:41 2020 verybig ['#IndiaSupportsCAA', '#CAASupport', '#IndiaAgainstCAA', '#IndiaAgainstCAA_NRC', '#ISupportCAA', '#CAA_NRC']
Wed Jan 22 21:05:42 2020 verybig ['#IndiaSupportsCAA', '#CAASupport', '#IndiaAgainstCAA', '#IndiaAgainstCAA_NRC', '#ISupportCAA', '#CAA_NRC']
Wed Jan 22 21:05:43 2020 verybig ['#IndiaSupportsCAA', '#CAASupport', '#IndiaAgainstCAA', '#IndiaAgainstCAA_NRC', '#ISupportCAA', '#CAA_NRC']
Wed Jan 22 21:05:43 2020 verybig ['#IndiaSupportsCAA', '#CAASupport', '#IndiaAgainstCAA', '#IndiaAgainstCAA_NRC', '#ISupportCAA', '#CAA_NRC']
Wed Jan 22 21:05:44 2020 verybig ['#IndiaSupportsCAA', '#CAASupport', '#IndiaAgainstCAA', '#IndiaAgainstCAA_NRC', '#ISupportCAA', '#CAA_NRC']
Wed Jan 22 21:05:45 2020 verybig ['#IndiaSupportsCAA', '#CAASupport', '#IndiaAgainstCAA', '#IndiaAgainstCAA_NRC', '#ISupportCAA', '#CAA_NRC']
Wed Jan 22 21:05:46 2020 verybig ['#IndiaSupportsCAA', '#CAASupport', '#IndiaAgainstCAA', '#IndiaAgainstCAA_NRC', '#ISupportCAA', '#CAA_NRC']
Wed Jan 22 21:05:47 2020 verybig ['#IndiaSupportsCAA', '#CAASupport', '#IndiaAgainstCAA', '#IndiaAgainstCAA_NRC', '#ISupportCAA', '#CAA_NRC']
Wed Jan 22 21:05:48 2020 verybig ['#IndiaSupportsCAA', '#CAASupport', '#IndiaAgainstCAA', '#IndiaAgainstCAA_NRC', '#ISupportCAA', '#CAA_NRC']
Wed Jan 22 21:05:49 2020 verybig ['#IndiaSupportsCAA', '#CAASupport', '#IndiaAgainstCAA', '#IndiaAgainstCAA_NRC', '#ISupportCAA', '#CAA_NRC']
Wed Jan 22 21:05:49 2020 verybig ['#IndiaSupportsCAA', '#CAASupport', '#IndiaAgainstCAA', '#IndiaAgainstCAA_NRC', '#ISupportCAA', '#CAA_NRC']
Wed Jan 22 21:05:50 2020 verybig ['#IndiaSupportsCAA', '#CAASupport', '#IndiaAgainstCAA', '#IndiaAgainstCAA_NRC', '#ISupportCAA', '#CAA_NRC']
Wed Jan 22 21:05:51 2020 verybig ['#IndiaSupportsCAA', '#CAASupport', '#IndiaAgainstCAA', '#IndiaAgainstCAA_NRC', '#ISupportCAA', '#CAA_NRC']
Wed Jan 22 21:05:52 2020 verybig ['#IndiaSupportsCAA', '#CAASupport', '#IndiaAgainstCAA', '#IndiaAgainstCAA_NRC', '#ISupportCAA', '#CAA_NRC']
Wed Jan 22 21:05:53 2020 verybig ['#IndiaSupportsCAA', '#CAASupport', '#IndiaAgainstCAA', '#IndiaAgainstCAA_NRC', '#ISupportCAA', '#CAA_NRC']
Wed Jan 22 21:05:54 2020 verybig ['#IndiaSupportsCAA', '#CAASupport', '#IndiaAgainstCAA', '#IndiaAgainstCAA_NRC', '#ISupportCAA', '#CAA_NRC']
Wed Jan 22 21:05:55 2020 verybig ['#IndiaSupportsCAA', '#CAASupport', '#IndiaAgainstCAA', '#IndiaAgainstCAA_NRC', '#ISupportCAA', '#CAA_NRC']
Wed Jan 22 21:05:55 2020 verybig ['#IndiaSupportsCAA', '#CAASupport', '#IndiaAgainstCAA', '#IndiaAgainstCAA_NRC', '#ISupportCAA', '#CAA_NRC']
Wed Jan 22 21:05:56 2020 verybig ['#IndiaSupportsCAA', '#CAASupport', '#IndiaAgainstCAA', '#IndiaAgainstCAA_NRC', '#ISupportCAA', '#CAA_NRC']
Wed Jan 22 21:05:57 2020 verybig ['#IndiaSupportsCAA', '#CAASupport', '#IndiaAgainstCAA', '#IndiaAgainstCAA_NRC', '#ISupportCAA', '#CAA_NRC']
Wed Jan 22 21:05:58 2020 verybig ['#IndiaSupportsCAA', '#CAASupport', '#IndiaAgainstCAA', '#IndiaAgainstCAA_NRC', '#ISupportCAA', '#CAA_NRC']
Wed Jan 22 21:05:58 2020 verybig ['#IndiaSupportsCAA', '#CAASupport', '#IndiaAgainstCAA', '#IndiaAgainstCAA_NRC', '#ISupportCAA', '#CAA_NRC']
Wed Jan 22 21:05:59 2020 verybig ['#IndiaSupportsCAA', '#CAASupport', '#IndiaAgainstCAA', '#IndiaAgainstCAA_NRC', '#ISupportCAA', '#CAA_NRC']
Wed Jan 22 21:06:00 2020 verybig ['#IndiaSupportsCAA', '#CAASupport', '#IndiaAgainstCAA', '#IndiaAgainstCAA_NRC', '#ISupportCAA', '#CAA_NRC']
Wed Jan 22 21:06:01 2020 verybig ['#IndiaSupportsCAA', '#CAASupport', '#IndiaAgainstCAA', '#IndiaAgainstCAA_NRC', '#ISupportCAA', '#CAA_NRC']
Wed Jan 22 21:06:01 2020 verybig ['#IndiaSupportsCAA', '#CAASupport', '#IndiaAgainstCAA', '#IndiaAgainstCAA_NRC', '#ISupportCAA', '#CAA_NRC']
Wed Jan 22 21:06:02 2020 verybig ['#IndiaSupportsCAA', '#CAASupport', '#IndiaAgainstCAA', '#IndiaAgainstCAA_NRC', '#ISupportCAA', '#CAA_NRC']
Wed Jan 22 21:06:03 2020 verybig ['#IndiaSupportsCAA', '#CAASupport', '#IndiaAgainstCAA', '#IndiaAgainstCAA_NRC', '#ISupportCAA', '#CAA_NRC']
Wed Jan 22 21:06:04 2020 verybig ['#IndiaSupportsCAA', '#CAASupport', '#IndiaAgainstCAA', '#IndiaAgainstCAA_NRC', '#ISupportCAA', '#CAA_NRC']
Wed Jan 22 21:06:05 2020 verybig ['#IndiaSupportsCAA', '#CAASupport', '#IndiaAgainstCAA', '#IndiaAgainstCAA_NRC', '#ISupportCAA', '#CAA_NRC']
Wed Jan 22 21:06:05 2020 verybig ['#IndiaSupportsCAA', '#CAASupport', '#IndiaAgainstCAA', '#IndiaAgainstCAA_NRC', '#ISupportCAA', '#CAA_NRC']
Wed Jan 22 21:06:06 2020 verybig ['#IndiaSupportsCAA', '#CAASupport', '#IndiaAgainstCAA', '#IndiaAgainstCAA_NRC', '#ISupportCAA', '#CAA_NRC']
Wed Jan 22 21:06:07 2020 verybig ['#IndiaSupportsCAA', '#CAASupport', '#IndiaAgainstCAA', '#IndiaAgainstCAA_NRC', '#ISupportCAA', '#CAA_NRC']
Wed Jan 22 21:16:07 2020 verybig ['#IndiaSupportsCAA', '#CAASupport', '#IndiaAgainstCAA', '#IndiaAgainstCAA_NRC', '#ISupportCAA', '#CAA_NRC']
Wed Jan 22 21:16:27 2020 verybig ['#IndiaSupportsCAA', '#CAASupport', '#IndiaAgainstCAA', '#IndiaAgainstCAA_NRC', '#ISupportCAA', '#CAA_NRC']
Wed Jan 22 21:16:46 2020 verybig ['#IndiaSupportsCAA', '#CAASupport', '#IndiaAgainstCAA', '#IndiaAgainstCAA_NRC', '#ISupportCAA', '#CAA_NRC']
Wed Jan 22 21:17:05 2020 verybig ['#IndiaSupportsCAA', '#CAASupport', '#IndiaAgainstCAA', '#IndiaAgainstCAA_NRC', '#ISupportCAA', '#CAA_NRC']
Wed Jan 22 21:27:07 2020 verybig ['#IndiaSupportsCAA', '#CAASupport', '#IndiaAgainstCAA', '#IndiaAgainstCAA_NRC', '#ISupportCAA', '#CAA_NRC']
Wed Jan 22 21:27:19 2020 verybig ['#IndiaSupportsCAA', '#CAASupport', '#IndiaAgainstCAA', '#IndiaAgainstCAA_NRC', '#ISupportCAA', '#CAA_NRC']
Wed Jan 22 21:27:30 2020 verybig ['#IndiaSupportsCAA', '#CAASupport', '#IndiaAgainstCAA', '#IndiaAgainstCAA_NRC', '#ISupportCAA', '#CAA_NRC']
Wed Jan 22 21:27:42 2020 verybig ['#IndiaSupportsCAA', '#CAASupport', '#IndiaAgainstCAA', '#IndiaAgainstCAA_NRC', '#ISupportCAA', '#CAA_NRC']
Wed Jan 22 21:27:53 2020 verybig ['#IndiaSupportsCAA', '#CAASupport', '#IndiaAgainstCAA', '#IndiaAgainstCAA_NRC', '#ISupportCAA', '#CAA_NRC']
Wed Jan 22 21:28:05 2020 verybig ['#IndiaSupportsCAA', '#CAASupport', '#IndiaAgainstCAA', '#IndiaAgainstCAA_NRC', '#ISupportCAA', '#CAA_NRC']
Wed Jan 22 21:38:05 2020 verybig ['#IndiaSupportsCAA', '#CAASupport', '#IndiaAgainstCAA', '#IndiaAgainstCAA_NRC', '#ISupportCAA', '#CAA_NRC']
Wed Jan 22 21:49:04 2020 verybig ['#IndiaSupportsCAA', '#CAASupport', '#IndiaAgainstCAA', '#IndiaAgainstCAA_NRC', '#ISupportCAA', '#CAA_NRC']
Wed Jan 22 21:59:43 2020 verybig ['#IndiaSupportsCAA', '#CAASupport', '#IndiaAgainstCAA', '#IndiaAgainstCAA_NRC', '#ISupportCAA', '#CAA_NRC']
Wed Jan 22 22:10:45 2020 verybig ['#IndiaSupportsCAA', '#CAASupport', '#IndiaAgainstCAA', '#IndiaAgainstCAA_NRC', '#ISupportCAA', '#CAA_NRC']
Wed Jan 22 22:10:46 2020 verybig ['#IndiaSupportsCAA', '#CAASupport', '#IndiaAgainstCAA', '#IndiaAgainstCAA_NRC', '#ISupportCAA', '#CAA_NRC']
Wed Jan 22 22:10:47 2020 verybig ['#IndiaSupportsCAA', '#CAASupport', '#IndiaAgainstCAA', '#IndiaAgainstCAA_NRC', '#ISupportCAA', '#CAA_NRC']
Wed Jan 22 22:10:47 2020 verybig ['#IndiaSupportsCAA', '#CAASupport', '#IndiaAgainstCAA', '#IndiaAgainstCAA_NRC', '#ISupportCAA', '#CAA_NRC']
Wed Jan 22 22:10:48 2020 verybig ['#IndiaSupportsCAA', '#CAASupport', '#IndiaAgainstCAA', '#IndiaAgainstCAA_NRC', '#ISupportCAA', '#CAA_NRC']
Wed Jan 22 22:10:49 2020 verybig ['#IndiaSupportsCAA', '#CAASupport', '#IndiaAgainstCAA', '#IndiaAgainstCAA_NRC', '#ISupportCAA', '#CAA_NRC']
Wed Jan 22 22:10:50 2020 verybig ['#IndiaSupportsCAA', '#CAASupport', '#IndiaAgainstCAA', '#IndiaAgainstCAA_NRC', '#ISupportCAA', '#CAA_NRC']
Wed Jan 22 22:10:51 2020 verybig ['#IndiaSupportsCAA', '#CAASupport', '#IndiaAgainstCAA', '#IndiaAgainstCAA_NRC', '#ISupportCAA', '#CAA_NRC']
Wed Jan 22 22:10:52 2020 verybig ['#IndiaSupportsCAA', '#CAASupport', '#IndiaAgainstCAA', '#IndiaAgainstCAA_NRC', '#ISupportCAA', '#CAA_NRC']
Wed Jan 22 22:10:53 2020 verybig ['#IndiaSupportsCAA', '#CAASupport', '#IndiaAgainstCAA', '#IndiaAgainstCAA_NRC', '#ISupportCAA', '#CAA_NRC']
Wed Jan 22 22:10:53 2020 verybig ['#IndiaSupportsCAA', '#CAASupport', '#IndiaAgainstCAA', '#IndiaAgainstCAA_NRC', '#ISupportCAA', '#CAA_NRC']
Wed Jan 22 22:10:54 2020 verybig ['#IndiaSupportsCAA', '#CAASupport', '#IndiaAgainstCAA', '#IndiaAgainstCAA_NRC', '#ISupportCAA', '#CAA_NRC']
Wed Jan 22 22:10:55 2020 verybig ['#IndiaSupportsCAA', '#CAASupport', '#IndiaAgainstCAA', '#IndiaAgainstCAA_NRC', '#ISupportCAA', '#CAA_NRC']
Wed Jan 22 22:10:56 2020 verybig ['#IndiaSupportsCAA', '#CAASupport', '#IndiaAgainstCAA', '#IndiaAgainstCAA_NRC', '#ISupportCAA', '#CAA_NRC']
Wed Jan 22 22:10:57 2020 verybig ['#IndiaSupportsCAA', '#CAASupport', '#IndiaAgainstCAA', '#IndiaAgainstCAA_NRC', '#ISupportCAA', '#CAA_NRC']
Wed Jan 22 22:10:57 2020 verybig ['#IndiaSupportsCAA', '#CAASupport', '#IndiaAgainstCAA', '#IndiaAgainstCAA_NRC', '#ISupportCAA', '#CAA_NRC']
Wed Jan 22 22:10:58 2020 verybig ['#IndiaSupportsCAA', '#CAASupport', '#IndiaAgainstCAA', '#IndiaAgainstCAA_NRC', '#ISupportCAA', '#CAA_NRC']
Wed Jan 22 22:10:59 2020 verybig ['#IndiaSupportsCAA', '#CAASupport', '#IndiaAgainstCAA', '#IndiaAgainstCAA_NRC', '#ISupportCAA', '#CAA_NRC']
Wed Jan 22 22:11:00 2020 verybig ['#IndiaSupportsCAA', '#CAASupport', '#IndiaAgainstCAA', '#IndiaAgainstCAA_NRC', '#ISupportCAA', '#CAA_NRC']
Wed Jan 22 22:11:01 2020 verybig ['#IndiaSupportsCAA', '#CAASupport', '#IndiaAgainstCAA', '#IndiaAgainstCAA_NRC', '#ISupportCAA', '#CAA_NRC']
Wed Jan 22 22:11:05 2020 verybig ['#IndiaSupportsCAA', '#CAASupport', '#IndiaAgainstCAA', '#IndiaAgainstCAA_NRC', '#ISupportCAA', '#CAA_NRC']
Wed Jan 22 22:11:05 2020 verybig ['#IndiaSupportsCAA', '#CAASupport', '#IndiaAgainstCAA', '#IndiaAgainstCAA_NRC', '#ISupportCAA', '#CAA_NRC']
Wed Jan 22 22:11:06 2020 verybig ['#IndiaSupportsCAA', '#CAASupport', '#IndiaAgainstCAA', '#IndiaAgainstCAA_NRC', '#ISupportCAA', '#CAA_NRC']
Wed Jan 22 22:11:07 2020 verybig ['#IndiaSupportsCAA', '#CAASupport', '#IndiaAgainstCAA', '#IndiaAgainstCAA_NRC', '#ISupportCAA', '#CAA_NRC']
Wed Jan 22 22:11:08 2020 verybig ['#IndiaSupportsCAA', '#CAASupport', '#IndiaAgainstCAA', '#IndiaAgainstCAA_NRC', '#ISupportCAA', '#CAA_NRC']
Wed Jan 22 22:11:09 2020 verybig ['#IndiaSupportsCAA', '#CAASupport', '#IndiaAgainstCAA', '#IndiaAgainstCAA_NRC', '#ISupportCAA', '#CAA_NRC']
Wed Jan 22 22:11:10 2020 verybig ['#IndiaSupportsCAA', '#CAASupport', '#IndiaAgainstCAA', '#IndiaAgainstCAA_NRC', '#ISupportCAA', '#CAA_NRC']
Wed Jan 22 22:11:10 2020 verybig ['#IndiaSupportsCAA', '#CAASupport', '#IndiaAgainstCAA', '#IndiaAgainstCAA_NRC', '#ISupportCAA', '#CAA_NRC']
Wed Jan 22 22:11:11 2020 verybig ['#IndiaSupportsCAA', '#CAASupport', '#IndiaAgainstCAA', '#IndiaAgainstCAA_NRC', '#ISupportCAA', '#CAA_NRC']
Wed Jan 22 22:11:12 2020 verybig ['#IndiaSupportsCAA', '#CAASupport', '#IndiaAgainstCAA', '#IndiaAgainstCAA_NRC', '#ISupportCAA', '#CAA_NRC']
Wed Jan 22 22:11:13 2020 verybig ['#IndiaSupportsCAA', '#CAASupport', '#IndiaAgainstCAA', '#IndiaAgainstCAA_NRC', '#ISupportCAA', '#CAA_NRC']
Wed Jan 22 22:11:14 2020 verybig ['#IndiaSupportsCAA', '#CAASupport', '#IndiaAgainstCAA', '#IndiaAgainstCAA_NRC', '#ISupportCAA', '#CAA_NRC']
Wed Jan 22 22:11:14 2020 verybig ['#IndiaSupportsCAA', '#CAASupport', '#IndiaAgainstCAA', '#IndiaAgainstCAA_NRC', '#ISupportCAA', '#CAA_NRC']
Wed Jan 22 22:11:15 2020 verybig ['#IndiaSupportsCAA', '#CAASupport', '#IndiaAgainstCAA', '#IndiaAgainstCAA_NRC', '#ISupportCAA', '#CAA_NRC']
Wed Jan 22 22:11:16 2020 verybig ['#IndiaSupportsCAA', '#CAASupport', '#IndiaAgainstCAA', '#IndiaAgainstCAA_NRC', '#ISupportCAA', '#CAA_NRC']
Wed Jan 22 22:11:17 2020 verybig ['#IndiaSupportsCAA', '#CAASupport', '#IndiaAgainstCAA', '#IndiaAgainstCAA_NRC', '#ISupportCAA', '#CAA_NRC']
Wed Jan 22 22:11:18 2020 verybig ['#IndiaSupportsCAA', '#CAASupport', '#IndiaAgainstCAA', '#IndiaAgainstCAA_NRC', '#ISupportCAA', '#CAA_NRC']
Wed Jan 22 22:11:19 2020 verybig ['#IndiaSupportsCAA', '#CAASupport', '#IndiaAgainstCAA', '#IndiaAgainstCAA_NRC', '#ISupportCAA', '#CAA_NRC']
Wed Jan 22 22:11:19 2020 verybig ['#IndiaSupportsCAA', '#CAASupport', '#IndiaAgainstCAA', '#IndiaAgainstCAA_NRC', '#ISupportCAA', '#CAA_NRC']
Wed Jan 22 22:11:20 2020 verybig ['#IndiaSupportsCAA', '#CAASupport', '#IndiaAgainstCAA', '#IndiaAgainstCAA_NRC', '#ISupportCAA', '#CAA_NRC']
Wed Jan 22 22:11:21 2020 verybig ['#IndiaSupportsCAA', '#CAASupport', '#IndiaAgainstCAA', '#IndiaAgainstCAA_NRC', '#ISupportCAA', '#CAA_NRC']
Wed Jan 22 22:11:22 2020 verybig ['#IndiaSupportsCAA', '#CAASupport', '#IndiaAgainstCAA', '#IndiaAgainstCAA_NRC', '#ISupportCAA', '#CAA_NRC']
Wed Jan 22 22:11:23 2020 verybig ['#IndiaSupportsCAA', '#CAASupport', '#IndiaAgainstCAA', '#IndiaAgainstCAA_NRC', '#ISupportCAA', '#CAA_NRC']
Wed Jan 22 22:11:24 2020 verybig ['#IndiaSupportsCAA', '#CAASupport', '#IndiaAgainstCAA', '#IndiaAgainstCAA_NRC', '#ISupportCAA', '#CAA_NRC']
Wed Jan 22 22:11:25 2020 verybig ['#IndiaSupportsCAA', '#CAASupport', '#IndiaAgainstCAA', '#IndiaAgainstCAA_NRC', '#ISupportCAA', '#CAA_NRC']
Wed Jan 22 22:11:25 2020 verybig ['#IndiaSupportsCAA', '#CAASupport', '#IndiaAgainstCAA', '#IndiaAgainstCAA_NRC', '#ISupportCAA', '#CAA_NRC']
Wed Jan 22 22:21:26 2020 verybig ['#IndiaSupportsCAA', '#CAASupport', '#IndiaAgainstCAA', '#IndiaAgainstCAA_NRC', '#ISupportCAA', '#CAA_NRC']
Wed Jan 22 22:21:47 2020 verybig ['#IndiaSupportsCAA', '#CAASupport', '#IndiaAgainstCAA', '#IndiaAgainstCAA_NRC', '#ISupportCAA', '#CAA_NRC']
Wed Jan 22 22:22:06 2020 verybig ['#IndiaSupportsCAA', '#CAASupport', '#IndiaAgainstCAA', '#IndiaAgainstCAA_NRC', '#ISupportCAA', '#CAA_NRC']
Wed Jan 22 22:22:25 2020 verybig ['#IndiaSupportsCAA', '#CAASupport', '#IndiaAgainstCAA', '#IndiaAgainstCAA_NRC', '#ISupportCAA', '#CAA_NRC']
Wed Jan 22 22:32:25 2020 verybig ['#IndiaSupportsCAA', '#CAASupport', '#IndiaAgainstCAA', '#IndiaAgainstCAA_NRC', '#ISupportCAA', '#CAA_NRC']
Wed Jan 22 22:32:37 2020 verybig ['#IndiaSupportsCAA', '#CAASupport', '#IndiaAgainstCAA', '#IndiaAgainstCAA_NRC', '#ISupportCAA', '#CAA_NRC']
Wed Jan 22 22:32:48 2020 verybig ['#IndiaSupportsCAA', '#CAASupport', '#IndiaAgainstCAA', '#IndiaAgainstCAA_NRC', '#ISupportCAA', '#CAA_NRC']
Wed Jan 22 22:33:00 2020 verybig ['#IndiaSupportsCAA', '#CAASupport', '#IndiaAgainstCAA', '#IndiaAgainstCAA_NRC', '#ISupportCAA', '#CAA_NRC']
Wed Jan 22 22:33:12 2020 verybig ['#IndiaSupportsCAA', '#CAASupport', '#IndiaAgainstCAA', '#IndiaAgainstCAA_NRC', '#ISupportCAA', '#CAA_NRC']
Wed Jan 22 22:33:27 2020 verybig ['#IndiaSupportsCAA', '#CAASupport', '#IndiaAgainstCAA', '#IndiaAgainstCAA_NRC', '#ISupportCAA', '#CAA_NRC']
Wed Jan 22 22:43:27 2020 verybig ['#IndiaSupportsCAA', '#CAASupport', '#IndiaAgainstCAA', '#IndiaAgainstCAA_NRC', '#ISupportCAA', '#CAA_NRC']
Wed Jan 22 22:54:25 2020 verybig ['#IndiaSupportsCAA', '#CAASupport', '#IndiaAgainstCAA', '#IndiaAgainstCAA_NRC', '#ISupportCAA', '#CAA_NRC']
Wed Jan 22 23:05:32 2020 verybig ['#IndiaSupportsCAA', '#CAASupport', '#IndiaAgainstCAA', '#IndiaAgainstCAA_NRC', '#ISupportCAA', '#CAA_NRC']
Wed Jan 22 23:16:31 2020 verybig ['#IndiaSupportsCAA', '#CAASupport', '#IndiaAgainstCAA', '#IndiaAgainstCAA_NRC', '#ISupportCAA', '#CAA_NRC']
Wed Jan 22 23:16:32 2020 verybig ['#IndiaSupportsCAA', '#CAASupport', '#IndiaAgainstCAA', '#IndiaAgainstCAA_NRC', '#ISupportCAA', '#CAA_NRC']
Wed Jan 22 23:16:33 2020 verybig ['#IndiaSupportsCAA', '#CAASupport', '#IndiaAgainstCAA', '#IndiaAgainstCAA_NRC', '#ISupportCAA', '#CAA_NRC']
Wed Jan 22 23:16:33 2020 verybig ['#IndiaSupportsCAA', '#CAASupport', '#IndiaAgainstCAA', '#IndiaAgainstCAA_NRC', '#ISupportCAA', '#CAA_NRC']
Wed Jan 22 23:16:34 2020 verybig ['#IndiaSupportsCAA', '#CAASupport', '#IndiaAgainstCAA', '#IndiaAgainstCAA_NRC', '#ISupportCAA', '#CAA_NRC']
Wed Jan 22 23:16:35 2020 verybig ['#IndiaSupportsCAA', '#CAASupport', '#IndiaAgainstCAA', '#IndiaAgainstCAA_NRC', '#ISupportCAA', '#CAA_NRC']
Wed Jan 22 23:16:36 2020 verybig ['#IndiaSupportsCAA', '#CAASupport', '#IndiaAgainstCAA', '#IndiaAgainstCAA_NRC', '#ISupportCAA', '#CAA_NRC']
Wed Jan 22 23:16:37 2020 verybig ['#IndiaSupportsCAA', '#CAASupport', '#IndiaAgainstCAA', '#IndiaAgainstCAA_NRC', '#ISupportCAA', '#CAA_NRC']
Wed Jan 22 23:16:38 2020 verybig ['#IndiaSupportsCAA', '#CAASupport', '#IndiaAgainstCAA', '#IndiaAgainstCAA_NRC', '#ISupportCAA', '#CAA_NRC']
Wed Jan 22 23:16:39 2020 verybig ['#IndiaSupportsCAA', '#CAASupport', '#IndiaAgainstCAA', '#IndiaAgainstCAA_NRC', '#ISupportCAA', '#CAA_NRC']
Wed Jan 22 23:16:40 2020 verybig ['#IndiaSupportsCAA', '#CAASupport', '#IndiaAgainstCAA', '#IndiaAgainstCAA_NRC', '#ISupportCAA', '#CAA_NRC']
Wed Jan 22 23:16:40 2020 verybig ['#IndiaSupportsCAA', '#CAASupport', '#IndiaAgainstCAA', '#IndiaAgainstCAA_NRC', '#ISupportCAA', '#CAA_NRC']
Wed Jan 22 23:16:41 2020 verybig ['#IndiaSupportsCAA', '#CAASupport', '#IndiaAgainstCAA', '#IndiaAgainstCAA_NRC', '#ISupportCAA', '#CAA_NRC']
Wed Jan 22 23:16:42 2020 verybig ['#IndiaSupportsCAA', '#CAASupport', '#IndiaAgainstCAA', '#IndiaAgainstCAA_NRC', '#ISupportCAA', '#CAA_NRC']
Wed Jan 22 23:16:43 2020 verybig ['#IndiaSupportsCAA', '#CAASupport', '#IndiaAgainstCAA', '#IndiaAgainstCAA_NRC', '#ISupportCAA', '#CAA_NRC']
Wed Jan 22 23:16:44 2020 verybig ['#IndiaSupportsCAA', '#CAASupport', '#IndiaAgainstCAA', '#IndiaAgainstCAA_NRC', '#ISupportCAA', '#CAA_NRC']
Wed Jan 22 23:16:45 2020 verybig ['#IndiaSupportsCAA', '#CAASupport', '#IndiaAgainstCAA', '#IndiaAgainstCAA_NRC', '#ISupportCAA', '#CAA_NRC']
Wed Jan 22 23:16:46 2020 verybig ['#IndiaSupportsCAA', '#CAASupport', '#IndiaAgainstCAA', '#IndiaAgainstCAA_NRC', '#ISupportCAA', '#CAA_NRC']
Wed Jan 22 23:16:46 2020 verybig ['#IndiaSupportsCAA', '#CAASupport', '#IndiaAgainstCAA', '#IndiaAgainstCAA_NRC', '#ISupportCAA', '#CAA_NRC']
Wed Jan 22 23:16:47 2020 verybig ['#IndiaSupportsCAA', '#CAASupport', '#IndiaAgainstCAA', '#IndiaAgainstCAA_NRC', '#ISupportCAA', '#CAA_NRC']
Wed Jan 22 23:16:48 2020 verybig ['#IndiaSupportsCAA', '#CAASupport', '#IndiaAgainstCAA', '#IndiaAgainstCAA_NRC', '#ISupportCAA', '#CAA_NRC']
Wed Jan 22 23:16:49 2020 verybig ['#IndiaSupportsCAA', '#CAASupport', '#IndiaAgainstCAA', '#IndiaAgainstCAA_NRC', '#ISupportCAA', '#CAA_NRC']
Wed Jan 22 23:16:50 2020 verybig ['#IndiaSupportsCAA', '#CAASupport', '#IndiaAgainstCAA', '#IndiaAgainstCAA_NRC', '#ISupportCAA', '#CAA_NRC']
Wed Jan 22 23:16:51 2020 verybig ['#IndiaSupportsCAA', '#CAASupport', '#IndiaAgainstCAA', '#IndiaAgainstCAA_NRC', '#ISupportCAA', '#CAA_NRC']
Wed Jan 22 23:16:52 2020 verybig ['#IndiaSupportsCAA', '#CAASupport', '#IndiaAgainstCAA', '#IndiaAgainstCAA_NRC', '#ISupportCAA', '#CAA_NRC']
Wed Jan 22 23:16:53 2020 verybig ['#IndiaSupportsCAA', '#CAASupport', '#IndiaAgainstCAA', '#IndiaAgainstCAA_NRC', '#ISupportCAA', '#CAA_NRC']
Wed Jan 22 23:16:53 2020 verybig ['#IndiaSupportsCAA', '#CAASupport', '#IndiaAgainstCAA', '#IndiaAgainstCAA_NRC', '#ISupportCAA', '#CAA_NRC']
Wed Jan 22 23:16:54 2020 verybig ['#IndiaSupportsCAA', '#CAASupport', '#IndiaAgainstCAA', '#IndiaAgainstCAA_NRC', '#ISupportCAA', '#CAA_NRC']
Wed Jan 22 23:16:55 2020 verybig ['#IndiaSupportsCAA', '#CAASupport', '#IndiaAgainstCAA', '#IndiaAgainstCAA_NRC', '#ISupportCAA', '#CAA_NRC']
Wed Jan 22 23:16:56 2020 verybig ['#IndiaSupportsCAA', '#CAASupport', '#IndiaAgainstCAA', '#IndiaAgainstCAA_NRC', '#ISupportCAA', '#CAA_NRC']
Wed Jan 22 23:16:57 2020 verybig ['#IndiaSupportsCAA', '#CAASupport', '#IndiaAgainstCAA', '#IndiaAgainstCAA_NRC', '#ISupportCAA', '#CAA_NRC']
Wed Jan 22 23:16:58 2020 verybig ['#IndiaSupportsCAA', '#CAASupport', '#IndiaAgainstCAA', '#IndiaAgainstCAA_NRC', '#ISupportCAA', '#CAA_NRC']
Wed Jan 22 23:16:59 2020 verybig ['#IndiaSupportsCAA', '#CAASupport', '#IndiaAgainstCAA', '#IndiaAgainstCAA_NRC', '#ISupportCAA', '#CAA_NRC']
Wed Jan 22 23:16:59 2020 verybig ['#IndiaSupportsCAA', '#CAASupport', '#IndiaAgainstCAA', '#IndiaAgainstCAA_NRC', '#ISupportCAA', '#CAA_NRC']
Wed Jan 22 23:17:00 2020 verybig ['#IndiaSupportsCAA', '#CAASupport', '#IndiaAgainstCAA', '#IndiaAgainstCAA_NRC', '#ISupportCAA', '#CAA_NRC']
Wed Jan 22 23:17:01 2020 verybig ['#IndiaSupportsCAA', '#CAASupport', '#IndiaAgainstCAA', '#IndiaAgainstCAA_NRC', '#ISupportCAA', '#CAA_NRC']
Wed Jan 22 23:17:02 2020 verybig ['#IndiaSupportsCAA', '#CAASupport', '#IndiaAgainstCAA', '#IndiaAgainstCAA_NRC', '#ISupportCAA', '#CAA_NRC']
Wed Jan 22 23:17:03 2020 verybig ['#IndiaSupportsCAA', '#CAASupport', '#IndiaAgainstCAA', '#IndiaAgainstCAA_NRC', '#ISupportCAA', '#CAA_NRC']
Wed Jan 22 23:17:04 2020 verybig ['#IndiaSupportsCAA', '#CAASupport', '#IndiaAgainstCAA', '#IndiaAgainstCAA_NRC', '#ISupportCAA', '#CAA_NRC']
Wed Jan 22 23:17:05 2020 verybig ['#IndiaSupportsCAA', '#CAASupport', '#IndiaAgainstCAA', '#IndiaAgainstCAA_NRC', '#ISupportCAA', '#CAA_NRC']
Wed Jan 22 23:17:05 2020 verybig ['#IndiaSupportsCAA', '#CAASupport', '#IndiaAgainstCAA', '#IndiaAgainstCAA_NRC', '#ISupportCAA', '#CAA_NRC']
Wed Jan 22 23:17:06 2020 verybig ['#IndiaSupportsCAA', '#CAASupport', '#IndiaAgainstCAA', '#IndiaAgainstCAA_NRC', '#ISupportCAA', '#CAA_NRC']
Wed Jan 22 23:17:07 2020 verybig ['#IndiaSupportsCAA', '#CAASupport', '#IndiaAgainstCAA', '#IndiaAgainstCAA_NRC', '#ISupportCAA', '#CAA_NRC']
Wed Jan 22 23:17:08 2020 verybig ['#IndiaSupportsCAA', '#CAASupport', '#IndiaAgainstCAA', '#IndiaAgainstCAA_NRC', '#ISupportCAA', '#CAA_NRC']
Wed Jan 22 23:17:09 2020 verybig ['#IndiaSupportsCAA', '#CAASupport', '#IndiaAgainstCAA', '#IndiaAgainstCAA_NRC', '#ISupportCAA', '#CAA_NRC']
Wed Jan 22 23:17:10 2020 verybig ['#IndiaSupportsCAA', '#CAASupport', '#IndiaAgainstCAA', '#IndiaAgainstCAA_NRC', '#ISupportCAA', '#CAA_NRC']
Wed Jan 22 23:27:10 2020 verybig ['#IndiaSupportsCAA', '#CAASupport', '#IndiaAgainstCAA', '#IndiaAgainstCAA_NRC', '#ISupportCAA', '#CAA_NRC']
Wed Jan 22 23:27:28 2020 verybig ['#IndiaSupportsCAA', '#CAASupport', '#IndiaAgainstCAA', '#IndiaAgainstCAA_NRC', '#ISupportCAA', '#CAA_NRC']
Wed Jan 22 23:27:46 2020 verybig ['#IndiaSupportsCAA', '#CAASupport', '#IndiaAgainstCAA', '#IndiaAgainstCAA_NRC', '#ISupportCAA', '#CAA_NRC']
Wed Jan 22 23:28:04 2020 verybig ['#IndiaSupportsCAA', '#CAASupport', '#IndiaAgainstCAA', '#IndiaAgainstCAA_NRC', '#ISupportCAA', '#CAA_NRC']
Wed Jan 22 23:38:04 2020 verybig ['#IndiaSupportsCAA', '#CAASupport', '#IndiaAgainstCAA', '#IndiaAgainstCAA_NRC', '#ISupportCAA', '#CAA_NRC']
Wed Jan 22 23:38:15 2020 verybig ['#IndiaSupportsCAA', '#CAASupport', '#IndiaAgainstCAA', '#IndiaAgainstCAA_NRC', '#ISupportCAA', '#CAA_NRC']
Wed Jan 22 23:38:26 2020 verybig ['#IndiaSupportsCAA', '#CAASupport', '#IndiaAgainstCAA', '#IndiaAgainstCAA_NRC', '#ISupportCAA', '#CAA_NRC']
Wed Jan 22 23:38:37 2020 verybig ['#IndiaSupportsCAA', '#CAASupport', '#IndiaAgainstCAA', '#IndiaAgainstCAA_NRC', '#ISupportCAA', '#CAA_NRC']
Wed Jan 22 23:38:47 2020 verybig ['#IndiaSupportsCAA', '#CAASupport', '#IndiaAgainstCAA', '#IndiaAgainstCAA_NRC', '#ISupportCAA', '#CAA_NRC']
Wed Jan 22 23:38:58 2020 verybig ['#IndiaSupportsCAA', '#CAASupport', '#IndiaAgainstCAA', '#IndiaAgainstCAA_NRC', '#ISupportCAA', '#CAA_NRC']
Wed Jan 22 23:48:58 2020 verybig ['#IndiaSupportsCAA', '#CAASupport', '#IndiaAgainstCAA', '#IndiaAgainstCAA_NRC', '#ISupportCAA', '#CAA_NRC']
Wed Jan 22 23:59:53 2020 verybig ['#IndiaSupportsCAA', '#CAASupport', '#IndiaAgainstCAA', '#IndiaAgainstCAA_NRC', '#ISupportCAA', '#CAA_NRC']
Thu Jan 23 00:10:49 2020 verybig ['#IndiaSupportsCAA', '#CAASupport', '#IndiaAgainstCAA', '#IndiaAgainstCAA_NRC', '#ISupportCAA', '#CAA_NRC']
Thu Jan 23 00:21:43 2020 verybig ['#IndiaSupportsCAA', '#CAASupport', '#IndiaAgainstCAA', '#IndiaAgainstCAA_NRC', '#ISupportCAA', '#CAA_NRC']
Thu Jan 23 00:21:44 2020 verybig ['#IndiaSupportsCAA', '#CAASupport', '#IndiaAgainstCAA', '#IndiaAgainstCAA_NRC', '#ISupportCAA', '#CAA_NRC']
Thu Jan 23 00:21:45 2020 verybig ['#IndiaSupportsCAA', '#CAASupport', '#IndiaAgainstCAA', '#IndiaAgainstCAA_NRC', '#ISupportCAA', '#CAA_NRC']
Thu Jan 23 00:21:46 2020 verybig ['#IndiaSupportsCAA', '#CAASupport', '#IndiaAgainstCAA', '#IndiaAgainstCAA_NRC', '#ISupportCAA', '#CAA_NRC']
Thu Jan 23 00:21:47 2020 verybig ['#IndiaSupportsCAA', '#CAASupport', '#IndiaAgainstCAA', '#IndiaAgainstCAA_NRC', '#ISupportCAA', '#CAA_NRC']
Thu Jan 23 00:21:47 2020 verybig ['#IndiaSupportsCAA', '#CAASupport', '#IndiaAgainstCAA', '#IndiaAgainstCAA_NRC', '#ISupportCAA', '#CAA_NRC']
Thu Jan 23 00:21:48 2020 verybig ['#IndiaSupportsCAA', '#CAASupport', '#IndiaAgainstCAA', '#IndiaAgainstCAA_NRC', '#ISupportCAA', '#CAA_NRC']
Thu Jan 23 00:21:49 2020 verybig ['#IndiaSupportsCAA', '#CAASupport', '#IndiaAgainstCAA', '#IndiaAgainstCAA_NRC', '#ISupportCAA', '#CAA_NRC']
Thu Jan 23 00:21:50 2020 verybig ['#IndiaSupportsCAA', '#CAASupport', '#IndiaAgainstCAA', '#IndiaAgainstCAA_NRC', '#ISupportCAA', '#CAA_NRC']
Thu Jan 23 00:21:51 2020 verybig ['#IndiaSupportsCAA', '#CAASupport', '#IndiaAgainstCAA', '#IndiaAgainstCAA_NRC', '#ISupportCAA', '#CAA_NRC']
Thu Jan 23 00:21:51 2020 verybig ['#IndiaSupportsCAA', '#CAASupport', '#IndiaAgainstCAA', '#IndiaAgainstCAA_NRC', '#ISupportCAA', '#CAA_NRC']
Thu Jan 23 00:21:52 2020 verybig ['#IndiaSupportsCAA', '#CAASupport', '#IndiaAgainstCAA', '#IndiaAgainstCAA_NRC', '#ISupportCAA', '#CAA_NRC']
Thu Jan 23 00:21:53 2020 verybig ['#IndiaSupportsCAA', '#CAASupport', '#IndiaAgainstCAA', '#IndiaAgainstCAA_NRC', '#ISupportCAA', '#CAA_NRC']
Thu Jan 23 00:21:54 2020 verybig ['#IndiaSupportsCAA', '#CAASupport', '#IndiaAgainstCAA', '#IndiaAgainstCAA_NRC', '#ISupportCAA', '#CAA_NRC']
Thu Jan 23 00:21:55 2020 verybig ['#IndiaSupportsCAA', '#CAASupport', '#IndiaAgainstCAA', '#IndiaAgainstCAA_NRC', '#ISupportCAA', '#CAA_NRC']
Thu Jan 23 00:21:56 2020 verybig ['#IndiaSupportsCAA', '#CAASupport', '#IndiaAgainstCAA', '#IndiaAgainstCAA_NRC', '#ISupportCAA', '#CAA_NRC']
Thu Jan 23 00:21:56 2020 verybig ['#IndiaSupportsCAA', '#CAASupport', '#IndiaAgainstCAA', '#IndiaAgainstCAA_NRC', '#ISupportCAA', '#CAA_NRC']
Thu Jan 23 00:21:57 2020 verybig ['#IndiaSupportsCAA', '#CAASupport', '#IndiaAgainstCAA', '#IndiaAgainstCAA_NRC', '#ISupportCAA', '#CAA_NRC']
Thu Jan 23 00:21:58 2020 verybig ['#IndiaSupportsCAA', '#CAASupport', '#IndiaAgainstCAA', '#IndiaAgainstCAA_NRC', '#ISupportCAA', '#CAA_NRC']
Thu Jan 23 00:21:59 2020 verybig ['#IndiaSupportsCAA', '#CAASupport', '#IndiaAgainstCAA', '#IndiaAgainstCAA_NRC', '#ISupportCAA', '#CAA_NRC']
Thu Jan 23 00:21:59 2020 verybig ['#IndiaSupportsCAA', '#CAASupport', '#IndiaAgainstCAA', '#IndiaAgainstCAA_NRC', '#ISupportCAA', '#CAA_NRC']
Thu Jan 23 00:22:00 2020 verybig ['#IndiaSupportsCAA', '#CAASupport', '#IndiaAgainstCAA', '#IndiaAgainstCAA_NRC', '#ISupportCAA', '#CAA_NRC']
Thu Jan 23 00:22:01 2020 verybig ['#IndiaSupportsCAA', '#CAASupport', '#IndiaAgainstCAA', '#IndiaAgainstCAA_NRC', '#ISupportCAA', '#CAA_NRC']
Thu Jan 23 00:22:02 2020 verybig ['#IndiaSupportsCAA', '#CAASupport', '#IndiaAgainstCAA', '#IndiaAgainstCAA_NRC', '#ISupportCAA', '#CAA_NRC']
Thu Jan 23 00:22:03 2020 verybig ['#IndiaSupportsCAA', '#CAASupport', '#IndiaAgainstCAA', '#IndiaAgainstCAA_NRC', '#ISupportCAA', '#CAA_NRC']
Thu Jan 23 00:22:04 2020 verybig ['#IndiaSupportsCAA', '#CAASupport', '#IndiaAgainstCAA', '#IndiaAgainstCAA_NRC', '#ISupportCAA', '#CAA_NRC']
Thu Jan 23 00:22:04 2020 verybig ['#IndiaSupportsCAA', '#CAASupport', '#IndiaAgainstCAA', '#IndiaAgainstCAA_NRC', '#ISupportCAA', '#CAA_NRC']
Thu Jan 23 00:22:05 2020 verybig ['#IndiaSupportsCAA', '#CAASupport', '#IndiaAgainstCAA', '#IndiaAgainstCAA_NRC', '#ISupportCAA', '#CAA_NRC']
Thu Jan 23 00:22:06 2020 verybig ['#IndiaSupportsCAA', '#CAASupport', '#IndiaAgainstCAA', '#IndiaAgainstCAA_NRC', '#ISupportCAA', '#CAA_NRC']
Thu Jan 23 00:22:07 2020 verybig ['#IndiaSupportsCAA', '#CAASupport', '#IndiaAgainstCAA', '#IndiaAgainstCAA_NRC', '#ISupportCAA', '#CAA_NRC']
Thu Jan 23 00:22:08 2020 verybig ['#IndiaSupportsCAA', '#CAASupport', '#IndiaAgainstCAA', '#IndiaAgainstCAA_NRC', '#ISupportCAA', '#CAA_NRC']
Thu Jan 23 00:22:09 2020 verybig ['#IndiaSupportsCAA', '#CAASupport', '#IndiaAgainstCAA', '#IndiaAgainstCAA_NRC', '#ISupportCAA', '#CAA_NRC']
Thu Jan 23 00:22:09 2020 verybig ['#IndiaSupportsCAA', '#CAASupport', '#IndiaAgainstCAA', '#IndiaAgainstCAA_NRC', '#ISupportCAA', '#CAA_NRC']
Thu Jan 23 00:22:10 2020 verybig ['#IndiaSupportsCAA', '#CAASupport', '#IndiaAgainstCAA', '#IndiaAgainstCAA_NRC', '#ISupportCAA', '#CAA_NRC']
Thu Jan 23 00:22:11 2020 verybig ['#IndiaSupportsCAA', '#CAASupport', '#IndiaAgainstCAA', '#IndiaAgainstCAA_NRC', '#ISupportCAA', '#CAA_NRC']
Thu Jan 23 00:22:12 2020 verybig ['#IndiaSupportsCAA', '#CAASupport', '#IndiaAgainstCAA', '#IndiaAgainstCAA_NRC', '#ISupportCAA', '#CAA_NRC']
Thu Jan 23 00:22:12 2020 verybig ['#IndiaSupportsCAA', '#CAASupport', '#IndiaAgainstCAA', '#IndiaAgainstCAA_NRC', '#ISupportCAA', '#CAA_NRC']
Thu Jan 23 00:22:13 2020 verybig ['#IndiaSupportsCAA', '#CAASupport', '#IndiaAgainstCAA', '#IndiaAgainstCAA_NRC', '#ISupportCAA', '#CAA_NRC']
Thu Jan 23 00:22:14 2020 verybig ['#IndiaSupportsCAA', '#CAASupport', '#IndiaAgainstCAA', '#IndiaAgainstCAA_NRC', '#ISupportCAA', '#CAA_NRC']
Thu Jan 23 00:22:15 2020 verybig ['#IndiaSupportsCAA', '#CAASupport', '#IndiaAgainstCAA', '#IndiaAgainstCAA_NRC', '#ISupportCAA', '#CAA_NRC']
Thu Jan 23 00:22:16 2020 verybig ['#IndiaSupportsCAA', '#CAASupport', '#IndiaAgainstCAA', '#IndiaAgainstCAA_NRC', '#ISupportCAA', '#CAA_NRC']
Thu Jan 23 00:32:16 2020 verybig ['#IndiaSupportsCAA', '#CAASupport', '#IndiaAgainstCAA', '#IndiaAgainstCAA_NRC', '#ISupportCAA', '#CAA_NRC']
Thu Jan 23 00:32:34 2020 verybig ['#IndiaSupportsCAA', '#CAASupport', '#IndiaAgainstCAA', '#IndiaAgainstCAA_NRC', '#ISupportCAA', '#CAA_NRC']
Thu Jan 23 00:32:50 2020 verybig ['#IndiaSupportsCAA', '#CAASupport', '#IndiaAgainstCAA', '#IndiaAgainstCAA_NRC', '#ISupportCAA', '#CAA_NRC']
Thu Jan 23 00:43:08 2020 verybig ['#IndiaSupportsCAA', '#CAASupport', '#IndiaAgainstCAA', '#IndiaAgainstCAA_NRC', '#ISupportCAA', '#CAA_NRC']
Thu Jan 23 00:43:19 2020 verybig ['#IndiaSupportsCAA', '#CAASupport', '#IndiaAgainstCAA', '#IndiaAgainstCAA_NRC', '#ISupportCAA', '#CAA_NRC']
Thu Jan 23 00:43:29 2020 verybig ['#IndiaSupportsCAA', '#CAASupport', '#IndiaAgainstCAA', '#IndiaAgainstCAA_NRC', '#ISupportCAA', '#CAA_NRC']
Thu Jan 23 00:43:40 2020 verybig ['#IndiaSupportsCAA', '#CAASupport', '#IndiaAgainstCAA', '#IndiaAgainstCAA_NRC', '#ISupportCAA', '#CAA_NRC']
Thu Jan 23 00:43:50 2020 verybig ['#IndiaSupportsCAA', '#CAASupport', '#IndiaAgainstCAA', '#IndiaAgainstCAA_NRC', '#ISupportCAA', '#CAA_NRC']
Thu Jan 23 00:53:59 2020 verybig ['#IndiaSupportsCAA', '#CAASupport', '#IndiaAgainstCAA', '#IndiaAgainstCAA_NRC', '#ISupportCAA', '#CAA_NRC']
Thu Jan 23 01:04:52 2020 verybig ['#IndiaSupportsCAA', '#CAASupport', '#IndiaAgainstCAA', '#IndiaAgainstCAA_NRC', '#ISupportCAA', '#CAA_NRC']
Thu Jan 23 01:15:44 2020 verybig ['#IndiaSupportsCAA', '#CAASupport', '#IndiaAgainstCAA', '#IndiaAgainstCAA_NRC', '#ISupportCAA', '#CAA_NRC']
Thu Jan 23 01:26:46 2020 verybig ['#IndiaSupportsCAA', '#CAASupport', '#IndiaAgainstCAA', '#IndiaAgainstCAA_NRC', '#ISupportCAA', '#CAA_NRC']
Thu Jan 23 01:26:47 2020 verybig ['#IndiaSupportsCAA', '#CAASupport', '#IndiaAgainstCAA', '#IndiaAgainstCAA_NRC', '#ISupportCAA', '#CAA_NRC']
Thu Jan 23 01:26:48 2020 verybig ['#IndiaSupportsCAA', '#CAASupport', '#IndiaAgainstCAA', '#IndiaAgainstCAA_NRC', '#ISupportCAA', '#CAA_NRC']
Thu Jan 23 01:26:48 2020 verybig ['#IndiaSupportsCAA', '#CAASupport', '#IndiaAgainstCAA', '#IndiaAgainstCAA_NRC', '#ISupportCAA', '#CAA_NRC']
Thu Jan 23 01:26:49 2020 verybig ['#IndiaSupportsCAA', '#CAASupport', '#IndiaAgainstCAA', '#IndiaAgainstCAA_NRC', '#ISupportCAA', '#CAA_NRC']
Thu Jan 23 01:26:50 2020 verybig ['#IndiaSupportsCAA', '#CAASupport', '#IndiaAgainstCAA', '#IndiaAgainstCAA_NRC', '#ISupportCAA', '#CAA_NRC']
Thu Jan 23 01:26:51 2020 verybig ['#IndiaSupportsCAA', '#CAASupport', '#IndiaAgainstCAA', '#IndiaAgainstCAA_NRC', '#ISupportCAA', '#CAA_NRC']
Thu Jan 23 01:26:51 2020 verybig ['#IndiaSupportsCAA', '#CAASupport', '#IndiaAgainstCAA', '#IndiaAgainstCAA_NRC', '#ISupportCAA', '#CAA_NRC']
Thu Jan 23 01:26:52 2020 verybig ['#IndiaSupportsCAA', '#CAASupport', '#IndiaAgainstCAA', '#IndiaAgainstCAA_NRC', '#ISupportCAA', '#CAA_NRC']
Thu Jan 23 01:26:53 2020 verybig ['#IndiaSupportsCAA', '#CAASupport', '#IndiaAgainstCAA', '#IndiaAgainstCAA_NRC', '#ISupportCAA', '#CAA_NRC']
Thu Jan 23 01:26:53 2020 verybig ['#IndiaSupportsCAA', '#CAASupport', '#IndiaAgainstCAA', '#IndiaAgainstCAA_NRC', '#ISupportCAA', '#CAA_NRC']
Thu Jan 23 01:26:54 2020 verybig ['#IndiaSupportsCAA', '#CAASupport', '#IndiaAgainstCAA', '#IndiaAgainstCAA_NRC', '#ISupportCAA', '#CAA_NRC']
Thu Jan 23 01:26:55 2020 verybig ['#IndiaSupportsCAA', '#CAASupport', '#IndiaAgainstCAA', '#IndiaAgainstCAA_NRC', '#ISupportCAA', '#CAA_NRC']
Thu Jan 23 01:26:56 2020 verybig ['#IndiaSupportsCAA', '#CAASupport', '#IndiaAgainstCAA', '#IndiaAgainstCAA_NRC', '#ISupportCAA', '#CAA_NRC']
Thu Jan 23 01:26:57 2020 verybig ['#IndiaSupportsCAA', '#CAASupport', '#IndiaAgainstCAA', '#IndiaAgainstCAA_NRC', '#ISupportCAA', '#CAA_NRC']
Thu Jan 23 01:26:57 2020 verybig ['#IndiaSupportsCAA', '#CAASupport', '#IndiaAgainstCAA', '#IndiaAgainstCAA_NRC', '#ISupportCAA', '#CAA_NRC']
Thu Jan 23 01:26:58 2020 verybig ['#IndiaSupportsCAA', '#CAASupport', '#IndiaAgainstCAA', '#IndiaAgainstCAA_NRC', '#ISupportCAA', '#CAA_NRC']
Thu Jan 23 01:26:59 2020 verybig ['#IndiaSupportsCAA', '#CAASupport', '#IndiaAgainstCAA', '#IndiaAgainstCAA_NRC', '#ISupportCAA', '#CAA_NRC']
Thu Jan 23 01:27:00 2020 verybig ['#IndiaSupportsCAA', '#CAASupport', '#IndiaAgainstCAA', '#IndiaAgainstCAA_NRC', '#ISupportCAA', '#CAA_NRC']
Thu Jan 23 01:27:00 2020 verybig ['#IndiaSupportsCAA', '#CAASupport', '#IndiaAgainstCAA', '#IndiaAgainstCAA_NRC', '#ISupportCAA', '#CAA_NRC']
Thu Jan 23 01:27:02 2020 verybig ['#IndiaSupportsCAA', '#CAASupport', '#IndiaAgainstCAA', '#IndiaAgainstCAA_NRC', '#ISupportCAA', '#CAA_NRC']
Thu Jan 23 01:27:02 2020 verybig ['#IndiaSupportsCAA', '#CAASupport', '#IndiaAgainstCAA', '#IndiaAgainstCAA_NRC', '#ISupportCAA', '#CAA_NRC']
Thu Jan 23 01:27:03 2020 verybig ['#IndiaSupportsCAA', '#CAASupport', '#IndiaAgainstCAA', '#IndiaAgainstCAA_NRC', '#ISupportCAA', '#CAA_NRC']
Thu Jan 23 01:27:04 2020 verybig ['#IndiaSupportsCAA', '#CAASupport', '#IndiaAgainstCAA', '#IndiaAgainstCAA_NRC', '#ISupportCAA', '#CAA_NRC']
Thu Jan 23 01:27:05 2020 verybig ['#IndiaSupportsCAA', '#CAASupport', '#IndiaAgainstCAA', '#IndiaAgainstCAA_NRC', '#ISupportCAA', '#CAA_NRC']
Thu Jan 23 01:27:06 2020 verybig ['#IndiaSupportsCAA', '#CAASupport', '#IndiaAgainstCAA', '#IndiaAgainstCAA_NRC', '#ISupportCAA', '#CAA_NRC']
Thu Jan 23 01:27:06 2020 verybig ['#IndiaSupportsCAA', '#CAASupport', '#IndiaAgainstCAA', '#IndiaAgainstCAA_NRC', '#ISupportCAA', '#CAA_NRC']
Thu Jan 23 01:27:07 2020 verybig ['#IndiaSupportsCAA', '#CAASupport', '#IndiaAgainstCAA', '#IndiaAgainstCAA_NRC', '#ISupportCAA', '#CAA_NRC']
Thu Jan 23 01:27:08 2020 verybig ['#IndiaSupportsCAA', '#CAASupport', '#IndiaAgainstCAA', '#IndiaAgainstCAA_NRC', '#ISupportCAA', '#CAA_NRC']
Thu Jan 23 01:27:09 2020 verybig ['#IndiaSupportsCAA', '#CAASupport', '#IndiaAgainstCAA', '#IndiaAgainstCAA_NRC', '#ISupportCAA', '#CAA_NRC']
Thu Jan 23 01:27:09 2020 verybig ['#IndiaSupportsCAA', '#CAASupport', '#IndiaAgainstCAA', '#IndiaAgainstCAA_NRC', '#ISupportCAA', '#CAA_NRC']
Thu Jan 23 01:27:10 2020 verybig ['#IndiaSupportsCAA', '#CAASupport', '#IndiaAgainstCAA', '#IndiaAgainstCAA_NRC', '#ISupportCAA', '#CAA_NRC']
Thu Jan 23 01:27:11 2020 verybig ['#IndiaSupportsCAA', '#CAASupport', '#IndiaAgainstCAA', '#IndiaAgainstCAA_NRC', '#ISupportCAA', '#CAA_NRC']
Thu Jan 23 01:27:11 2020 verybig ['#IndiaSupportsCAA', '#CAASupport', '#IndiaAgainstCAA', '#IndiaAgainstCAA_NRC', '#ISupportCAA', '#CAA_NRC']
Thu Jan 23 01:27:12 2020 verybig ['#IndiaSupportsCAA', '#CAASupport', '#IndiaAgainstCAA', '#IndiaAgainstCAA_NRC', '#ISupportCAA', '#CAA_NRC']
Thu Jan 23 01:27:13 2020 verybig ['#IndiaSupportsCAA', '#CAASupport', '#IndiaAgainstCAA', '#IndiaAgainstCAA_NRC', '#ISupportCAA', '#CAA_NRC']
Thu Jan 23 01:27:14 2020 verybig ['#IndiaSupportsCAA', '#CAASupport', '#IndiaAgainstCAA', '#IndiaAgainstCAA_NRC', '#ISupportCAA', '#CAA_NRC']
Thu Jan 23 01:27:14 2020 verybig ['#IndiaSupportsCAA', '#CAASupport', '#IndiaAgainstCAA', '#IndiaAgainstCAA_NRC', '#ISupportCAA', '#CAA_NRC']
Thu Jan 23 01:27:15 2020 verybig ['#IndiaSupportsCAA', '#CAASupport', '#IndiaAgainstCAA', '#IndiaAgainstCAA_NRC', '#ISupportCAA', '#CAA_NRC']
Thu Jan 23 01:27:16 2020 verybig ['#IndiaSupportsCAA', '#CAASupport', '#IndiaAgainstCAA', '#IndiaAgainstCAA_NRC', '#ISupportCAA', '#CAA_NRC']
Thu Jan 23 01:27:17 2020 verybig ['#IndiaSupportsCAA', '#CAASupport', '#IndiaAgainstCAA', '#IndiaAgainstCAA_NRC', '#ISupportCAA', '#CAA_NRC']
Thu Jan 23 01:27:17 2020 verybig ['#IndiaSupportsCAA', '#CAASupport', '#IndiaAgainstCAA', '#IndiaAgainstCAA_NRC', '#ISupportCAA', '#CAA_NRC']
Thu Jan 23 01:27:18 2020 verybig ['#IndiaSupportsCAA', '#CAASupport', '#IndiaAgainstCAA', '#IndiaAgainstCAA_NRC', '#ISupportCAA', '#CAA_NRC']
Thu Jan 23 01:27:19 2020 verybig ['#IndiaSupportsCAA', '#CAASupport', '#IndiaAgainstCAA', '#IndiaAgainstCAA_NRC', '#ISupportCAA', '#CAA_NRC']
Thu Jan 23 01:27:20 2020 verybig ['#IndiaSupportsCAA', '#CAASupport', '#IndiaAgainstCAA', '#IndiaAgainstCAA_NRC', '#ISupportCAA', '#CAA_NRC']
Thu Jan 23 01:27:20 2020 verybig ['#IndiaSupportsCAA', '#CAASupport', '#IndiaAgainstCAA', '#IndiaAgainstCAA_NRC', '#ISupportCAA', '#CAA_NRC']
Thu Jan 23 01:37:21 2020 verybig ['#IndiaSupportsCAA', '#CAASupport', '#IndiaAgainstCAA', '#IndiaAgainstCAA_NRC', '#ISupportCAA', '#CAA_NRC']
Thu Jan 23 01:37:38 2020 verybig ['#IndiaSupportsCAA', '#CAASupport', '#IndiaAgainstCAA', '#IndiaAgainstCAA_NRC', '#ISupportCAA', '#CAA_NRC']
Thu Jan 23 01:37:56 2020 verybig ['#IndiaSupportsCAA', '#CAASupport', '#IndiaAgainstCAA', '#IndiaAgainstCAA_NRC', '#ISupportCAA', '#CAA_NRC']
Thu Jan 23 01:48:13 2020 verybig ['#IndiaSupportsCAA', '#CAASupport', '#IndiaAgainstCAA', '#IndiaAgainstCAA_NRC', '#ISupportCAA', '#CAA_NRC']
Thu Jan 23 01:48:23 2020 verybig ['#IndiaSupportsCAA', '#CAASupport', '#IndiaAgainstCAA', '#IndiaAgainstCAA_NRC', '#ISupportCAA', '#CAA_NRC']
Thu Jan 23 01:48:35 2020 verybig ['#IndiaSupportsCAA', '#CAASupport', '#IndiaAgainstCAA', '#IndiaAgainstCAA_NRC', '#ISupportCAA', '#CAA_NRC']
Thu Jan 23 01:48:45 2020 verybig ['#IndiaSupportsCAA', '#CAASupport', '#IndiaAgainstCAA', '#IndiaAgainstCAA_NRC', '#ISupportCAA', '#CAA_NRC']
Thu Jan 23 01:48:55 2020 verybig ['#IndiaSupportsCAA', '#CAASupport', '#IndiaAgainstCAA', '#IndiaAgainstCAA_NRC', '#ISupportCAA', '#CAA_NRC']
Thu Jan 23 01:59:04 2020 verybig ['#IndiaSupportsCAA', '#CAASupport', '#IndiaAgainstCAA', '#IndiaAgainstCAA_NRC', '#ISupportCAA', '#CAA_NRC']
Thu Jan 23 02:09:54 2020 verybig ['#IndiaSupportsCAA', '#CAASupport', '#IndiaAgainstCAA', '#IndiaAgainstCAA_NRC', '#ISupportCAA', '#CAA_NRC']
Thu Jan 23 02:20:44 2020 verybig ['#IndiaSupportsCAA', '#CAASupport', '#IndiaAgainstCAA', '#IndiaAgainstCAA_NRC', '#ISupportCAA', '#CAA_NRC']
Thu Jan 23 02:31:35 2020 verybig ['#IndiaSupportsCAA', '#CAASupport', '#IndiaAgainstCAA', '#IndiaAgainstCAA_NRC', '#ISupportCAA', '#CAA_NRC']
Thu Jan 23 02:31:36 2020 verybig ['#IndiaSupportsCAA', '#CAASupport', '#IndiaAgainstCAA', '#IndiaAgainstCAA_NRC', '#ISupportCAA', '#CAA_NRC']
Thu Jan 23 02:31:37 2020 verybig ['#IndiaSupportsCAA', '#CAASupport', '#IndiaAgainstCAA', '#IndiaAgainstCAA_NRC', '#ISupportCAA', '#CAA_NRC']
Thu Jan 23 02:31:37 2020 verybig ['#IndiaSupportsCAA', '#CAASupport', '#IndiaAgainstCAA', '#IndiaAgainstCAA_NRC', '#ISupportCAA', '#CAA_NRC']
Thu Jan 23 02:31:38 2020 verybig ['#IndiaSupportsCAA', '#CAASupport', '#IndiaAgainstCAA', '#IndiaAgainstCAA_NRC', '#ISupportCAA', '#CAA_NRC']
Thu Jan 23 02:31:39 2020 verybig ['#IndiaSupportsCAA', '#CAASupport', '#IndiaAgainstCAA', '#IndiaAgainstCAA_NRC', '#ISupportCAA', '#CAA_NRC']
Thu Jan 23 02:31:40 2020 verybig ['#IndiaSupportsCAA', '#CAASupport', '#IndiaAgainstCAA', '#IndiaAgainstCAA_NRC', '#ISupportCAA', '#CAA_NRC']
Thu Jan 23 02:31:40 2020 verybig ['#IndiaSupportsCAA', '#CAASupport', '#IndiaAgainstCAA', '#IndiaAgainstCAA_NRC', '#ISupportCAA', '#CAA_NRC']
Thu Jan 23 02:31:41 2020 verybig ['#IndiaSupportsCAA', '#CAASupport', '#IndiaAgainstCAA', '#IndiaAgainstCAA_NRC', '#ISupportCAA', '#CAA_NRC']
Thu Jan 23 02:31:42 2020 verybig ['#IndiaSupportsCAA', '#CAASupport', '#IndiaAgainstCAA', '#IndiaAgainstCAA_NRC', '#ISupportCAA', '#CAA_NRC']
Thu Jan 23 02:31:43 2020 verybig ['#IndiaSupportsCAA', '#CAASupport', '#IndiaAgainstCAA', '#IndiaAgainstCAA_NRC', '#ISupportCAA', '#CAA_NRC']
Thu Jan 23 02:31:43 2020 verybig ['#IndiaSupportsCAA', '#CAASupport', '#IndiaAgainstCAA', '#IndiaAgainstCAA_NRC', '#ISupportCAA', '#CAA_NRC']
Thu Jan 23 02:31:44 2020 verybig ['#IndiaSupportsCAA', '#CAASupport', '#IndiaAgainstCAA', '#IndiaAgainstCAA_NRC', '#ISupportCAA', '#CAA_NRC']
Thu Jan 23 02:31:45 2020 verybig ['#IndiaSupportsCAA', '#CAASupport', '#IndiaAgainstCAA', '#IndiaAgainstCAA_NRC', '#ISupportCAA', '#CAA_NRC']
Thu Jan 23 02:31:46 2020 verybig ['#IndiaSupportsCAA', '#CAASupport', '#IndiaAgainstCAA', '#IndiaAgainstCAA_NRC', '#ISupportCAA', '#CAA_NRC']
Thu Jan 23 02:31:46 2020 verybig ['#IndiaSupportsCAA', '#CAASupport', '#IndiaAgainstCAA', '#IndiaAgainstCAA_NRC', '#ISupportCAA', '#CAA_NRC']
Thu Jan 23 02:31:47 2020 verybig ['#IndiaSupportsCAA', '#CAASupport', '#IndiaAgainstCAA', '#IndiaAgainstCAA_NRC', '#ISupportCAA', '#CAA_NRC']
Thu Jan 23 02:31:48 2020 verybig ['#IndiaSupportsCAA', '#CAASupport', '#IndiaAgainstCAA', '#IndiaAgainstCAA_NRC', '#ISupportCAA', '#CAA_NRC']
Thu Jan 23 02:31:49 2020 verybig ['#IndiaSupportsCAA', '#CAASupport', '#IndiaAgainstCAA', '#IndiaAgainstCAA_NRC', '#ISupportCAA', '#CAA_NRC']
Thu Jan 23 02:31:49 2020 verybig ['#IndiaSupportsCAA', '#CAASupport', '#IndiaAgainstCAA', '#IndiaAgainstCAA_NRC', '#ISupportCAA', '#CAA_NRC']
Thu Jan 23 02:31:50 2020 verybig ['#IndiaSupportsCAA', '#CAASupport', '#IndiaAgainstCAA', '#IndiaAgainstCAA_NRC', '#ISupportCAA', '#CAA_NRC']
Thu Jan 23 02:31:51 2020 verybig ['#IndiaSupportsCAA', '#CAASupport', '#IndiaAgainstCAA', '#IndiaAgainstCAA_NRC', '#ISupportCAA', '#CAA_NRC']
Thu Jan 23 02:31:52 2020 verybig ['#IndiaSupportsCAA', '#CAASupport', '#IndiaAgainstCAA', '#IndiaAgainstCAA_NRC', '#ISupportCAA', '#CAA_NRC']
Thu Jan 23 02:31:52 2020 verybig ['#IndiaSupportsCAA', '#CAASupport', '#IndiaAgainstCAA', '#IndiaAgainstCAA_NRC', '#ISupportCAA', '#CAA_NRC']
Thu Jan 23 02:31:53 2020 verybig ['#IndiaSupportsCAA', '#CAASupport', '#IndiaAgainstCAA', '#IndiaAgainstCAA_NRC', '#ISupportCAA', '#CAA_NRC']
Thu Jan 23 02:31:54 2020 verybig ['#IndiaSupportsCAA', '#CAASupport', '#IndiaAgainstCAA', '#IndiaAgainstCAA_NRC', '#ISupportCAA', '#CAA_NRC']
Thu Jan 23 02:31:55 2020 verybig ['#IndiaSupportsCAA', '#CAASupport', '#IndiaAgainstCAA', '#IndiaAgainstCAA_NRC', '#ISupportCAA', '#CAA_NRC']
Thu Jan 23 02:31:55 2020 verybig ['#IndiaSupportsCAA', '#CAASupport', '#IndiaAgainstCAA', '#IndiaAgainstCAA_NRC', '#ISupportCAA', '#CAA_NRC']
Thu Jan 23 02:31:56 2020 verybig ['#IndiaSupportsCAA', '#CAASupport', '#IndiaAgainstCAA', '#IndiaAgainstCAA_NRC', '#ISupportCAA', '#CAA_NRC']
Thu Jan 23 02:31:57 2020 verybig ['#IndiaSupportsCAA', '#CAASupport', '#IndiaAgainstCAA', '#IndiaAgainstCAA_NRC', '#ISupportCAA', '#CAA_NRC']
Thu Jan 23 02:31:58 2020 verybig ['#IndiaSupportsCAA', '#CAASupport', '#IndiaAgainstCAA', '#IndiaAgainstCAA_NRC', '#ISupportCAA', '#CAA_NRC']
Thu Jan 23 02:31:58 2020 verybig ['#IndiaSupportsCAA', '#CAASupport', '#IndiaAgainstCAA', '#IndiaAgainstCAA_NRC', '#ISupportCAA', '#CAA_NRC']
Thu Jan 23 02:31:59 2020 verybig ['#IndiaSupportsCAA', '#CAASupport', '#IndiaAgainstCAA', '#IndiaAgainstCAA_NRC', '#ISupportCAA', '#CAA_NRC']
Thu Jan 23 02:32:00 2020 verybig ['#IndiaSupportsCAA', '#CAASupport', '#IndiaAgainstCAA', '#IndiaAgainstCAA_NRC', '#ISupportCAA', '#CAA_NRC']
Thu Jan 23 02:32:01 2020 verybig ['#IndiaSupportsCAA', '#CAASupport', '#IndiaAgainstCAA', '#IndiaAgainstCAA_NRC', '#ISupportCAA', '#CAA_NRC']
Thu Jan 23 02:32:01 2020 verybig ['#IndiaSupportsCAA', '#CAASupport', '#IndiaAgainstCAA', '#IndiaAgainstCAA_NRC', '#ISupportCAA', '#CAA_NRC']
Thu Jan 23 02:32:02 2020 verybig ['#IndiaSupportsCAA', '#CAASupport', '#IndiaAgainstCAA', '#IndiaAgainstCAA_NRC', '#ISupportCAA', '#CAA_NRC']
Thu Jan 23 02:32:03 2020 verybig ['#IndiaSupportsCAA', '#CAASupport', '#IndiaAgainstCAA', '#IndiaAgainstCAA_NRC', '#ISupportCAA', '#CAA_NRC']
Thu Jan 23 02:32:04 2020 verybig ['#IndiaSupportsCAA', '#CAASupport', '#IndiaAgainstCAA', '#IndiaAgainstCAA_NRC', '#ISupportCAA', '#CAA_NRC']
Thu Jan 23 02:32:05 2020 verybig ['#IndiaSupportsCAA', '#CAASupport', '#IndiaAgainstCAA', '#IndiaAgainstCAA_NRC', '#ISupportCAA', '#CAA_NRC']
Thu Jan 23 02:32:05 2020 verybig ['#IndiaSupportsCAA', '#CAASupport', '#IndiaAgainstCAA', '#IndiaAgainstCAA_NRC', '#ISupportCAA', '#CAA_NRC']
Thu Jan 23 02:32:06 2020 verybig ['#IndiaSupportsCAA', '#CAASupport', '#IndiaAgainstCAA', '#IndiaAgainstCAA_NRC', '#ISupportCAA', '#CAA_NRC']
Thu Jan 23 02:32:07 2020 verybig ['#IndiaSupportsCAA', '#CAASupport', '#IndiaAgainstCAA', '#IndiaAgainstCAA_NRC', '#ISupportCAA', '#CAA_NRC']
Thu Jan 23 02:32:08 2020 verybig ['#IndiaSupportsCAA', '#CAASupport', '#IndiaAgainstCAA', '#IndiaAgainstCAA_NRC', '#ISupportCAA', '#CAA_NRC']
Thu Jan 23 02:32:09 2020 verybig ['#IndiaSupportsCAA', '#CAASupport', '#IndiaAgainstCAA', '#IndiaAgainstCAA_NRC', '#ISupportCAA', '#CAA_NRC']
Thu Jan 23 02:32:09 2020 verybig ['#IndiaSupportsCAA', '#CAASupport', '#IndiaAgainstCAA', '#IndiaAgainstCAA_NRC', '#ISupportCAA', '#CAA_NRC']
Thu Jan 23 02:42:10 2020 verybig ['#IndiaSupportsCAA', '#CAASupport', '#IndiaAgainstCAA', '#IndiaAgainstCAA_NRC', '#ISupportCAA', '#CAA_NRC']
Thu Jan 23 02:42:27 2020 verybig ['#IndiaSupportsCAA', '#CAASupport', '#IndiaAgainstCAA', '#IndiaAgainstCAA_NRC', '#ISupportCAA', '#CAA_NRC']
Thu Jan 23 02:42:44 2020 verybig ['#IndiaSupportsCAA', '#CAASupport', '#IndiaAgainstCAA', '#IndiaAgainstCAA_NRC', '#ISupportCAA', '#CAA_NRC']
Thu Jan 23 02:53:00 2020 verybig ['#IndiaSupportsCAA', '#CAASupport', '#IndiaAgainstCAA', '#IndiaAgainstCAA_NRC', '#ISupportCAA', '#CAA_NRC']
Thu Jan 23 02:53:12 2020 verybig ['#IndiaSupportsCAA', '#CAASupport', '#IndiaAgainstCAA', '#IndiaAgainstCAA_NRC', '#ISupportCAA', '#CAA_NRC']
Thu Jan 23 02:53:23 2020 verybig ['#IndiaSupportsCAA', '#CAASupport', '#IndiaAgainstCAA', '#IndiaAgainstCAA_NRC', '#ISupportCAA', '#CAA_NRC']
Thu Jan 23 02:53:33 2020 verybig ['#IndiaSupportsCAA', '#CAASupport', '#IndiaAgainstCAA', '#IndiaAgainstCAA_NRC', '#ISupportCAA', '#CAA_NRC']
Thu Jan 23 02:53:44 2020 verybig ['#IndiaSupportsCAA', '#CAASupport', '#IndiaAgainstCAA', '#IndiaAgainstCAA_NRC', '#ISupportCAA', '#CAA_NRC']
Thu Jan 23 03:03:54 2020 verybig ['#IndiaSupportsCAA', '#CAASupport', '#IndiaAgainstCAA', '#IndiaAgainstCAA_NRC', '#ISupportCAA', '#CAA_NRC']
Thu Jan 23 03:14:45 2020 verybig ['#IndiaSupportsCAA', '#CAASupport', '#IndiaAgainstCAA', '#IndiaAgainstCAA_NRC', '#ISupportCAA', '#CAA_NRC']
